#
# A fatal error has been detected by the Java Runtime Environment:
#
#  EXCEPTION_ACCESS_VIOLATION (0xc0000005) at pc=0x000000005a3ba6ea, pid=9236, tid=8512
#
# JRE version: Java(TM) SE Runtime Environment (7.0_45-b18) (build 1.7.0_45-b18)
# Java VM: Java HotSpot(TM) 64-Bit Server VM (24.45-b08 mixed mode windows-amd64 compressed oops)
# Problematic frame:
# V  [jvm.dll+0x9a6ea]
#
# Failed to write core dump. Minidumps are not enabled by default on client versions of Windows
#
# If you would like to submit a bug report, please visit:
#   http://bugreport.sun.com/bugreport/crash.jsp
#

---------------  T H R E A D  ---------------

Current thread (0x000000000fdd7000):  JavaThread "http-8084-3" daemon [_thread_in_vm, id=8512, stack(0x0000000013f30000,0x0000000014030000)]

siginfo: ExceptionCode=0xc0000005, reading address 0x0000000000000010

Registers:
RAX=0x0000000000000000, RBX=0x0000000000000000, RCX=0x0000000000000000, RDX=0x000000076138a938
RSP=0x000000001402cbc0, RBP=0x000000001402cc60, RSI=0x0000000000000000, RDI=0x000000000fdd7000
R8 =0x000000000fdd7000, R9 =0x0000000000000000, R10=0x000000005aa65450, R11=0x0000000001b14000
R12=0x0000000000000000, R13=0x0000000761388330, R14=0x000000001402cce0, R15=0x000000000fdd7000
RIP=0x000000005a3ba6ea, EFLAGS=0x0000000000010246

Top of Stack: (sp=0x000000001402cbc0)
0x000000001402cbc0:   000000000fdc4560 0000000000000000
0x000000001402cbd0:   000000001402cc60 000000000262a8be
0x000000001402cbe0:   00000007dbb9faa8 000000000262b3c5
0x000000001402cbf0:   000000000fdd7000 00000000000000bb
0x000000001402cc00:   000000076138a938 0000000002606b3e
0x000000001402cc10:   00000007dbb9cf30 000000000262b38d
0x000000001402cc20:   000000001402cc20 0000000761388330
0x000000001402cc30:   000000001402cce0 000000076138b3a0
0x000000001402cc40:   0000000000000000 00000007613884d8
0x000000001402cc50:   0000000000000000 000000001402ccd8
0x000000001402cc60:   000000001402cd28 0000000002606373
0x000000001402cc70:   0000000000000000 0000000000000000
0x000000001402cc80:   0000000000000000 0000000000000000
0x000000001402cc90:   0000000000000000 0000000000000000
0x000000001402cca0:   00000007dbb9f9c0 00000007dbb9d8d8
0x000000001402ccb0:   0000000000000001 0000000000000001 

Instructions: (pc=0x000000005a3ba6ea)
0x000000005a3ba6ca:   1f 48 8b 8f 20 01 00 00 48 8b d0 e8 36 a8 f6 ff
0x000000005a3ba6da:   48 8b d8 48 85 c0 75 05 48 8b ce eb 03 48 8b 08
0x000000005a3ba6ea:   48 8b 41 10 48 83 c1 10 4c 8b c7 b2 01 ff 50 40
0x000000005a3ba6fa:   48 39 77 08 74 0d 48 8b 5f 48 48 8b 43 10 48 39 


Register to memory mapping:

RAX=0x0000000000000000 is an unknown value
RBX=0x0000000000000000 is an unknown value
RCX=0x0000000000000000 is an unknown value
RDX=0x000000076138a938 is an oop
{constant pool} 
 - klass: {other class}
 - holder: 0x000000075f10a238
 - cache: 0x000000076138b3a0
 -   1 :  : klass_index=71 name_and_type_index=151
 -   2 :  : 'java/text/SimpleDateFormat' {0x5db666d0}
 -   3 :  : "yyMMdd" {0xda5f2f88}
 -   4 :  : klass_index=2 name_and_type_index=154
 -   5 :  : klass_index=70 name_and_type_index=155
 -   6 :  : klass_index=70 name_and_type_index=156
 -   7 :  : 'java/util/Date' {0x5dcbe698}
 -   8 :  : klass_index=7 name_and_type_index=151
 -   9 :  : klass_index=2 name_and_type_index=158
 -  10 :  : 'java/util/HashMap' {0x5d90b160}
 -  11 :  : klass_index=10 name_and_type_index=151
 -  12 :  : klass_index=28 name_and_type_index=160
 -  13 :  : klass_index=28 name_and_type_index=161
 -  14 :  : klass_index=162 name_and_type_index=163
 -  15 :  : 'java/util/ArrayList' {0x5d8f4858}
 -  16 :  : klass_index=15 name_and_type_index=151
 -  17 :  : klass_index=162 name_and_type_index=165
 -  18 :  : klass_index=162 name_and_type_index=166
 -  19 :  : 'java/util/List' {0x5d8baf28}
 -  20 :  : klass_index=19 name_and_type_index=168
 -  21 :  : klass_index=162 name_and_type_index=169
 -  22 :  : klass_index=170 name_and_type_index=171
 -  23 :  : klass_index=172 name_and_type_index=173
 -  24 :  : klass_index=172 name_and_type_index=174
 -  25 :  : 'java/util/Map$Entry'
 -  26 :  : klass_index=25 name_and_type_index=176
 -  27 :  : klass_index=19 name_and_type_index=171
 -  28 :  : 'com/mawujun/baseinfo/Barcode' {0x5f82c420}
 -  29 :  : klass_index=28 name_and_type_index=178
 -  30 :  : klass_index=53 name_and_type_index=179
 -  31 :  : klass_index=25 name_and_type_index=180
 -  32 :  : 'com/mawujun/baseinfo/Barcode$BarcodeKey'
 -  33 :  : klass_index=70 name_and_type_index=182
 -  34 :  : klass_index=53 name_and_type_index=183
 -  35 :  : klass_index=70 name_and_type_index=184
 -  36 :  : klass_index=185 name_and_type_index=186
 -  37 :  : klass_index=28 name_and_type_index=187
 -  38 :  : klass_index=28 name_and_type_index=188
 -  39 :  : klass_index=189 name_and_type_index=190
 -  40 :  : "subtype_id" {0xe0929ca8}
 -  41 :  : klass_index=32 name_and_type_index=192
 -  42 :  : klass_index=189 name_and_type_index=193
 -  43 :  : "prod_id" {0xe0929e60}
 -  44 :  : klass_index=32 name_and_type_index=195
 -  45 :  : "brand_id" {0xe0929ec0}
 -  46 :  : klass_index=32 name_and_type_index=197
 -  47 :  : "supplier_id" {0xe0929c40}
 -  48 :  : klass_index=32 name_and_type_index=199
 -  49 :  : "ymd" {0xe0929b20}
 -  50 :  : klass_index=32 name_and_type_index=201
 -  51 :  : "serialNum" {0xe0929d98}
 -  52 :  : klass_index=202 name_and_type_index=203
 -  53 :  : 'java/lang/Integer'
 -  54 :  : 'java/lang/StringBuilder'
 -  55 :  : klass_index=54 name_and_type_index=151
 -  56 :  : "%2s%2s%3s%3s%6s%3s" {0xdbb9faa8}
 -  57 :  : 'java/lang/Object'
 -  58 :  : klass_index=28 name_and_type_index=192
 -  59 :  : klass_index=28 name_and_type_index=195
 -  60 :  : klass_index=28 name_and_type_index=197
 -  61 :  : klass_index=28 name_and_type_index=199
 -  62 :  : klass_index=54 name_and_type_index=208
 -  63 :  : "" {0x637cff60}
 -  64 :  : klass_index=54 name_and_type_index=210
 -  65 :  : klass_index=54 name_and_type_index=211
 -  66 :  : "0" {0x6382cc18}
 -  67 :  : klass_index=213 name_and_type_index=214
 -  68 :  : klass_index=215 name_and_type_index=216
 -  69 :  : klass_index=70 name_and_type_index=217
 -  70 :  : 'com/mawujun/baseinfo/BarcodeService' {0x5f10a238}
 -  71 :  : 'com/mawujun/service/AbstractService'
 -  72 :  : 'barcodeRepository'
 -  73 :  : 'Lcom/mawujun/baseinfo/BarcodeRepository;'
 -  74 :  : 'RuntimeVisibleAnnotations'
 -  75 :  : 'Lorg/springframework/beans/factory/annotation/Autowired;'
 -  76 :  : 'y2mdDateFormat'
 -  77 :  : 'Ljava/text/SimpleDateFormat;'
 -  78 :  : '<init>'
 -  79 :  : '()V'
 -  80 :  : 'Code'
 -  81 :  : 'LineNumberTable'
 -  82 :  : 'LocalVariableTable'
 -  83 :  : 'this'
 -  84 :  : 'Lcom/mawujun/baseinfo/BarcodeService;'
 -  85 :  : 'getRepository'
 -  86 :  : '()Lcom/mawujun/baseinfo/BarcodeRepository;'
 -  87 :  : 'getBarCodeList'
 -  88 :  : '([Lcom/mawujun/baseinfo/Barcode;)Ljava/util/List;'
 -  89 :  : 'key'
 -  90 :  : 'BarcodeKey'
 -  91 :  : 'InnerClasses'
 -  92 :  : 'Lcom/mawujun/baseinfo/Barcode$BarcodeKey;'
 -  93 :  : 'equip'
 -  94 :  : 'Lcom/mawujun/baseinfo/Barcode;'
 -  95 :  : 'arr$'
 -  96 :  : '[Lcom/mawujun/baseinfo/Barcode;'
 -  97 :  : 'len$'
 -  98 :  : 'I'
 -  99 :  : 'i$'
 - 100 :  : 'serialNum'
 - 101 :  : 'code'
 - 102 :  : 'Ljava/lang/String;'
 - 103 :  : 'barcodeClone'
 - 104 :  : 'i'
 - 105 :  : 'nums'
 - 106 :  : 'maxsd'
 - 107 :  : 'Ljava/util/Iterator;'
 - 108 :  : 'entry'
 - 109 :  : 'Entry'
 - 110 :  : 'Ljava/util/Map$Entry;'
 - 111 :  : 'barcodes'
 - 112 :  : 'y2md'
 - 113 :  : 'keyMaps'
 - 114 :  : 'Ljava/util/Map;'
 - 115 :  : 'list'
 - 116 :  : 'Ljava/util/List;'
 - 117 :  : 'LocalVariableTypeTable'
 - 118 :  : 'Ljava/util/Map$Entry<Lcom/mawujun/baseinfo/Barcode$BarcodeKey;Ljava/util/List<Lcom/mawujun/baseinfo/Barcode;>;>;'
 - 119 :  : 'Ljava/util/Map<Lcom/mawujun/baseinfo/Barcode$BarcodeKey;Ljava/util/List<Lcom/mawujun/baseinfo/Barcode;>;>;'
 - 120 :  : 'Ljava/util/List<Lcom/mawujun/baseinfo/Barcode;>;'
 - 121 :  : 'StackMapTable'
 - 122 :  : 'com/mawujun/baseinfo/BarcodeService'
 - 123 :  : '[Lcom/mawujun/baseinfo/Barcode;'
 - 124 :  : 'java/lang/String'
 - 125 :  : 'java/util/Map'
 - 126 :  : 'com/mawujun/baseinfo/Barcode'
 - 127 :  : 'com/mawujun/baseinfo/Barcode$BarcodeKey'
 - 128 :  : 'java/util/List'
 - 129 :  : 'java/util/Iterator'
 - 130 :  : 'java/util/Map$Entry'
 - 131 :  : 'Signature'
 - 132 :  : '([Lcom/mawujun/baseinfo/Barcode;)Ljava/util/List<Lcom/mawujun/baseinfo/Barcode;>;'
 - 133 :  : 'getMaxsd'
 - 134 :  : '(Lcom/mawujun/baseinfo/Barcode$BarcodeKey;)I'
 - 135 :  : 'cnd'
 - 136 :  : 'Lcom/mawujun/repository/cnd/Cnd;'
 - 137 :  : 'Ljava/lang/Integer;'
 - 138 :  : 'generateBarcode'
 - 139 :  : '(Lcom/mawujun/baseinfo/Barcode;Ljava/lang/Integer;Ljava/lang/String;)Ljava/lang/String;'
 - 140 :  : 'barcode'
 - 141 :  : 'Ljava/lang/StringBuilder;'
 - 142 :  : '()Lcom/mawujun/repository1/IRepository;'
 - 143 :  : 'Lcom/mawujun/service/AbstractService<Lcom/mawujun/baseinfo/Barcode;Ljava/lang/String;>;'
 - 144 :  : 'SourceFile'
 - 145 :  : 'BarcodeService.java'
 - 146 :  : 'Lorg/springframework/stereotype/Service;'
 - 147 :  : 'Lorg/springframework/transaction/annotation/Transactional;'
 - 148 :  : 'propagation'
 - 149 :  : 'Lorg/springframework/transaction/annotation/Propagation;'
 - 150 :  : 'REQUIRED'
 - 151 :  : name_index=78 signature_index=79
 - 152 :  : 'java/text/SimpleDateFormat'
 - 153 :  : 'yyMMdd'
 - 154 :  : name_index=78 signature_index=223
 - 155 :  : name_index=76 signature_index=77
 - 156 :  : name_index=72 signature_index=73
 - 157 :  : 'java/util/Date'
 - 158 :  : name_index=224 signature_index=225
 - 159 :  : 'java/util/HashMap'
 - 160 :  : name_index=226 signature_index=223
 - 161 :  : name_index=227 signature_index=228
 - 162 :  : 'java/util/Map' {0x5d83f788}
 - 163 :  : name_index=229 signature_index=230
 - 164 :  : 'java/util/ArrayList'
 - 165 :  : name_index=231 signature_index=232
 - 166 :  : name_index=233 signature_index=234
 - 167 :  : 'java/util/List'
 - 168 :  : name_index=235 signature_index=230
 - 169 :  : name_index=236 signature_index=237
 - 170 :  : 'java/util/Set'
 - 171 :  : name_index=239 signature_index=240
 - 172 :  : 'java/util/Iterator'
 - 173 :  : name_index=241 signature_index=242
 - 174 :  : name_index=243 signature_index=244
 - 175 :  : 'java/util/Map$Entry'
 - 176 :  : name_index=245 signature_index=244
 - 177 :  : 'com/mawujun/baseinfo/Barcode'
 - 178 :  : name_index=246 signature_index=247
 - 179 :  : name_index=248 signature_index=249
 - 180 :  : name_index=227 signature_index=244
 - 181 :  : 'com/mawujun/baseinfo/Barcode$BarcodeKey'
 - 182 :  : name_index=133 signature_index=134
 - 183 :  : name_index=250 signature_index=251
 - 184 :  : name_index=138 signature_index=139
 - 185 :  : 'com/mawujun/utils/BeanUtils'
 - 186 :  : name_index=253 signature_index=254
 - 187 :  : name_index=255 signature_index=223
 - 188 :  : name_index=256 signature_index=257
 - 189 :  : 'com/mawujun/repository/cnd/Cnd'
 - 190 :  : name_index=259 signature_index=260
 - 191 :  : 'subtype_id'
 - 192 :  : name_index=261 signature_index=262
 - 193 :  : name_index=263 signature_index=264
 - 194 :  : 'prod_id'
 - 195 :  : name_index=265 signature_index=262
 - 196 :  : 'brand_id'
 - 197 :  : name_index=266 signature_index=262
 - 198 :  : 'supplier_id'
 - 199 :  : name_index=267 signature_index=262
 - 200 :  : 'ymd'
 - 201 :  : name_index=268 signature_index=262
 - 202 :  : 'com/mawujun/baseinfo/BarcodeRepository'
 - 203 :  : name_index=270 signature_index=271
 - 204 :  : 'java/lang/Integer'
 - 205 :  : 'java/lang/StringBuilder'
 - 206 :  : '%2s%2s%3s%3s%6s%3s'
 - 207 :  : 'java/lang/Object'
 - 208 :  : name_index=272 signature_index=273
 - 209 :  : ''
 - 210 :  : name_index=272 signature_index=274
 - 211 :  : name_index=275 signature_index=262
 - 212 :  : '0'
 - 213 :  : 'com/mawujun/utils/StringUtils'
 - 214 :  : name_index=277 signature_index=278
 - 215 :  : 'java/lang/String'
 - 216 :  : name_index=224 signature_index=279
 - 217 :  : name_index=85 signature_index=86
 - 218 :  : 'com/mawujun/baseinfo/BarcodeService'
 - 219 :  : 'com/mawujun/service/AbstractService'
 - 220 :  : 'java/lang/String'
 - 221 :  : 'java/util/Map'
 - 222 :  : 'java/util/Iterator'
 - 223 :  : '(Ljava/lang/String;)V'
 - 224 :  : 'format'
 - 225 :  : '(Ljava/util/Date;)Ljava/lang/String;'
 - 226 :  : 'setYmd'
 - 227 :  : 'getKey'
 - 228 :  : '()Lcom/mawujun/baseinfo/Barcode$BarcodeKey;'
 - 229 :  : 'containsKey'
 - 230 :  : '(Ljava/lang/Object;)Z'
 - 231 :  : 'put'
 - 232 :  : '(Ljava/lang/Object;Ljava/lang/Object;)Ljava/lang/Object;'
 - 233 :  : 'get'
 - 234 :  : '(Ljava/lang/Object;)Ljava/lang/Object;'
 - 235 :  : 'add'
 - 236 :  : 'entrySet'
 - 237 :  : '()Ljava/util/Set;'
 - 238 :  : 'java/util/Set'
 - 239 :  : 'iterator'
 - 240 :  : '()Ljava/util/Iterator;'
 - 241 :  : 'hasNext'
 - 242 :  : '()Z'
 - 243 :  : 'next'
 - 244 :  : '()Ljava/lang/Object;'
 - 245 :  : 'getValue'
 - 246 :  : 'getSerialNum'
 - 247 :  : '()Ljava/lang/Integer;'
 - 248 :  : 'intValue'
 - 249 :  : '()I'
 - 250 :  : 'valueOf'
 - 251 :  : '(I)Ljava/lang/Integer;'
 - 252 :  : 'com/mawujun/utils/BeanUtils'
 - 253 :  : 'copyOrCast'
 - 254 :  : '(Ljava/lang/Object;Ljava/lang/Class;)Ljava/lang/Object;'
 - 255 :  : 'setEcode'
 - 256 :  : 'setSerialNum'
 - 257 :  : '(Ljava/lang/Integer;)V'
 - 258 :  : 'com/mawujun/repository/cnd/Cnd'
 - 259 :  : 'where'
 - 260 :  : '()Lcom/mawujun/repository/cnd/Cnd;'
 - 261 :  : 'getSubtype_id'
 - 262 :  : '()Ljava/lang/String;'
 - 263 :  : 'andEquals'
 - 264 :  : '(Ljava/lang/String;Ljava/lang/Object;)Lcom/mawujun/repository/cnd/Cnd;'
 - 265 :  : 'getProd_id'
 - 266 :  : 'getBrand_id'
 - 267 :  : 'getSupplier_id'
 - 268 :  : 'getYmd'
 - 269 :  : 'com/mawujun/baseinfo/BarcodeRepository'
 - 270 :  : 'queryMax'
 - 271 :  : '(Ljava/lang/String;Lcom/mawujun/repository/cnd/Cnd;)Ljava/lang/Object;'
 - 272 :  : 'append'
 - 273 :  : '(Ljava/lang/Object;)Ljava/lang/StringBuilder;'
 - 274 :  : '(Ljava/lang/String;)Ljava/lang/StringBuilder;'
 - 275 :  : 'toString'
 - 276 :  : 'com/mawujun/utils/StringUtils'
 - 277 :  : 'leftPad'
 - 278 :  : '(Ljava/lang/String;ILjava/lang/String;)Ljava/lang/String;'
 - 279 :  : '(Ljava/lang/String;[Ljava/lang/Object;)Ljava/lang/String;'
 - 280 :  : "yyMMdd" {0xda5f2f88}
 - 281 :  : "subtype_id" {0xe0929ca8}
 - 282 :  : "prod_id" {0xe0929e60}
 - 283 :  : "brand_id" {0xe0929ec0}
 - 284 :  : "supplier_id" {0xe0929c40}
 - 285 :  : "ymd" {0xe0929b20}
 - 286 :  : "serialNum" {0xe0929d98}

RSP=0x000000001402cbc0 is pointing into the stack for thread: 0x000000000fdd7000
RBP=0x000000001402cc60 is pointing into the stack for thread: 0x000000000fdd7000
RSI=0x0000000000000000 is an unknown value
RDI=0x000000000fdd7000 is a thread
R8 =0x000000000fdd7000 is a thread
R9 =0x0000000000000000 is an unknown value
R10=0x000000005aa65450 is an unknown value
R11=0x0000000001b14000 is an unknown value
R12=0x0000000000000000 is an unknown value
R13=0x0000000761388330 is pointing into object: 0x0000000761388280
{constMethod} 
 - klass: {other class}
 - constants:       0x000000076138a938 constant pool [287] for 'com/mawujun/baseinfo/BarcodeService' cache=0x000000076138b3a0
 - stackmap data:       [B
bci_from(0000000761388330) = 112; print_codes():
R14=0x000000001402cce0 is pointing into the stack for thread: 0x000000000fdd7000
R15=0x000000000fdd7000 is a thread


Stack: [0x0000000013f30000,0x0000000014030000],  sp=0x000000001402cbc0,  free space=1010k
Native frames: (J=compiled Java code, j=interpreted, Vv=VM code, C=native code)
V  [jvm.dll+0x9a6ea]
j  com.mawujun.baseinfo.BarcodeService$$FastClassByCGLIB$$5ac397a.invoke(ILjava/lang/Object;[Ljava/lang/Object;)Ljava/lang/Object;+216
j  org.springframework.cglib.proxy.MethodProxy.invoke(Ljava/lang/Object;[Ljava/lang/Object;)Ljava/lang/Object;+19
j  org.springframework.aop.framework.CglibAopProxy$CglibMethodInvocation.invokeJoinpoint()Ljava/lang/Object;+24
j  org.springframework.aop.framework.ReflectiveMethodInvocation.proceed()Ljava/lang/Object;+19
j  org.springframework.transaction.interceptor.TransactionInterceptor$1.proceedWithInvocation()Ljava/lang/Object;+4
j  org.springframework.transaction.interceptor.TransactionAspectSupport.invokeWithinTransaction(Ljava/lang/reflect/Method;Ljava/lang/Class;Lorg/springframework/transaction/interceptor/TransactionAspectSupport$InvocationCallback;)Ljava/lang/Object;+58
j  org.springframework.transaction.interceptor.TransactionInterceptor.invoke(Lorg/aopalliance/intercept/MethodInvocation;)Ljava/lang/Object;+40
j  org.springframework.aop.framework.ReflectiveMethodInvocation.proceed()Ljava/lang/Object;+101
j  org.springframework.aop.framework.CglibAopProxy$DynamicAdvisedInterceptor.intercept(Ljava/lang/Object;Ljava/lang/reflect/Method;[Ljava/lang/Object;Lorg/springframework/cglib/proxy/MethodProxy;)Ljava/lang/Object;+112
j  com.mawujun.baseinfo.BarcodeService$$EnhancerByCGLIB$$7e480194.getBarCodeList([Lcom/mawujun/baseinfo/Barcode;)Ljava/util/List;+36
j  com.mawujun.baseinfo.BarcodeController.export(Ljavax/servlet/http/HttpServletRequest;Ljavax/servlet/http/HttpServletResponse;[Lcom/mawujun/baseinfo/Barcode;)Ljava/lang/String;+5
v  ~StubRoutines::call_stub

Java frames: (J=compiled Java code, j=interpreted, Vv=VM code)
j  com.mawujun.baseinfo.BarcodeService.getBarCodeList([Lcom/mawujun/baseinfo/Barcode;)Ljava/util/List;+112
j  com.mawujun.baseinfo.BarcodeService$$FastClassByCGLIB$$5ac397a.invoke(ILjava/lang/Object;[Ljava/lang/Object;)Ljava/lang/Object;+216
j  org.springframework.cglib.proxy.MethodProxy.invoke(Ljava/lang/Object;[Ljava/lang/Object;)Ljava/lang/Object;+19
j  org.springframework.aop.framework.CglibAopProxy$CglibMethodInvocation.invokeJoinpoint()Ljava/lang/Object;+24
j  org.springframework.aop.framework.ReflectiveMethodInvocation.proceed()Ljava/lang/Object;+19
j  org.springframework.transaction.interceptor.TransactionInterceptor$1.proceedWithInvocation()Ljava/lang/Object;+4
j  org.springframework.transaction.interceptor.TransactionAspectSupport.invokeWithinTransaction(Ljava/lang/reflect/Method;Ljava/lang/Class;Lorg/springframework/transaction/interceptor/TransactionAspectSupport$InvocationCallback;)Ljava/lang/Object;+58
j  org.springframework.transaction.interceptor.TransactionInterceptor.invoke(Lorg/aopalliance/intercept/MethodInvocation;)Ljava/lang/Object;+40
j  org.springframework.aop.framework.ReflectiveMethodInvocation.proceed()Ljava/lang/Object;+101
j  org.springframework.aop.framework.CglibAopProxy$DynamicAdvisedInterceptor.intercept(Ljava/lang/Object;Ljava/lang/reflect/Method;[Ljava/lang/Object;Lorg/springframework/cglib/proxy/MethodProxy;)Ljava/lang/Object;+112
j  com.mawujun.baseinfo.BarcodeService$$EnhancerByCGLIB$$7e480194.getBarCodeList([Lcom/mawujun/baseinfo/Barcode;)Ljava/util/List;+36
j  com.mawujun.baseinfo.BarcodeController.export(Ljavax/servlet/http/HttpServletRequest;Ljavax/servlet/http/HttpServletResponse;[Lcom/mawujun/baseinfo/Barcode;)Ljava/lang/String;+5
v  ~StubRoutines::call_stub
j  sun.reflect.NativeMethodAccessorImpl.invoke0(Ljava/lang/reflect/Method;Ljava/lang/Object;[Ljava/lang/Object;)Ljava/lang/Object;+0
j  sun.reflect.NativeMethodAccessorImpl.invoke(Ljava/lang/Object;[Ljava/lang/Object;)Ljava/lang/Object;+87
J  sun.reflect.DelegatingMethodAccessorImpl.invoke(Ljava/lang/Object;[Ljava/lang/Object;)Ljava/lang/Object;
j  java.lang.reflect.Method.invoke(Ljava/lang/Object;[Ljava/lang/Object;)Ljava/lang/Object;+57
j  org.springframework.web.method.support.InvocableHandlerMethod.invoke([Ljava/lang/Object;)Ljava/lang/Object;+16
j  org.springframework.web.method.support.InvocableHandlerMethod.invokeForRequest(Lorg/springframework/web/context/request/NativeWebRequest;Lorg/springframework/web/method/support/ModelAndViewContainer;[Ljava/lang/Object;)Ljava/lang/Object;+96
j  org.springframework.web.servlet.mvc.method.annotation.ServletInvocableHandlerMethod.invokeAndHandle(Lorg/springframework/web/context/request/ServletWebRequest;Lorg/springframework/web/method/support/ModelAndViewContainer;[Ljava/lang/Object;)V+4
j  org.springframework.web.servlet.mvc.method.annotation.RequestMappingHandlerAdapter.invokeHandleMethod(Ljavax/servlet/http/HttpServletRequest;Ljavax/servlet/http/HttpServletResponse;Lorg/springframework/web/method/HandlerMethod;)Lorg/springframework/web/servlet/ModelAndView;+230
j  org.springframework.web.servlet.mvc.method.annotation.RequestMappingHandlerAdapter.handleInternal(Ljavax/servlet/http/HttpServletRequest;Ljavax/servlet/http/HttpServletResponse;Lorg/springframework/web/method/HandlerMethod;)Lorg/springframework/web/servlet/ModelAndView;+89
j  org.springframework.web.servlet.mvc.method.AbstractHandlerMethodAdapter.handle(Ljavax/servlet/http/HttpServletRequest;Ljavax/servlet/http/HttpServletResponse;Ljava/lang/Object;)Lorg/springframework/web/servlet/ModelAndView;+7
j  org.springframework.web.servlet.DispatcherServlet.doDispatch(Ljavax/servlet/http/HttpServletRequest;Ljavax/servlet/http/HttpServletResponse;)V+304
j  org.springframework.web.servlet.DispatcherServlet.doService(Ljavax/servlet/http/HttpServletRequest;Ljavax/servlet/http/HttpServletResponse;)V+319
j  org.springframework.web.servlet.FrameworkServlet.processRequest(Ljavax/servlet/http/HttpServletRequest;Ljavax/servlet/http/HttpServletResponse;)V+71
j  org.springframework.web.servlet.FrameworkServlet.doPost(Ljavax/servlet/http/HttpServletRequest;Ljavax/servlet/http/HttpServletResponse;)V+3
j  javax.servlet.http.HttpServlet.service(Ljavax/servlet/http/HttpServletRequest;Ljavax/servlet/http/HttpServletResponse;)V+139
j  org.springframework.web.servlet.FrameworkServlet.service(Ljavax/servlet/http/HttpServletRequest;Ljavax/servlet/http/HttpServletResponse;)V+32
j  javax.servlet.http.HttpServlet.service(Ljavax/servlet/ServletRequest;Ljavax/servlet/ServletResponse;)V+30
j  org.apache.catalina.core.ApplicationFilterChain.internalDoFilter(Ljavax/servlet/ServletRequest;Ljavax/servlet/ServletResponse;)V+376
j  org.apache.catalina.core.ApplicationFilterChain.doFilter(Ljavax/servlet/ServletRequest;Ljavax/servlet/ServletResponse;)V+101
j  com.mawujun.controller.spring.mvc.SetCharacterEncodingFilter.doFilter(Ljavax/servlet/ServletRequest;Ljavax/servlet/ServletResponse;Ljavax/servlet/FilterChain;)V+47
j  org.apache.catalina.core.ApplicationFilterChain.internalDoFilter(Ljavax/servlet/ServletRequest;Ljavax/servlet/ServletResponse;)V+119
j  org.apache.catalina.core.ApplicationFilterChain.doFilter(Ljavax/servlet/ServletRequest;Ljavax/servlet/ServletResponse;)V+101
j  org.apache.shiro.web.servlet.ProxiedFilterChain.doFilter(Ljavax/servlet/ServletRequest;Ljavax/servlet/ServletResponse;)V+50
j  org.apache.shiro.web.servlet.AdviceFilter.executeChain(Ljavax/servlet/ServletRequest;Ljavax/servlet/ServletResponse;Ljavax/servlet/FilterChain;)V+3
j  org.apache.shiro.web.servlet.AdviceFilter.doFilterInternal(Ljavax/servlet/ServletRequest;Ljavax/servlet/ServletResponse;Ljavax/servlet/FilterChain;)V+64
j  org.apache.shiro.web.servlet.OncePerRequestFilter.doFilter(Ljavax/servlet/ServletRequest;Ljavax/servlet/ServletResponse;Ljavax/servlet/FilterChain;)V+113
j  org.apache.shiro.web.servlet.ProxiedFilterChain.doFilter(Ljavax/servlet/ServletRequest;Ljavax/servlet/ServletResponse;)V+130
j  org.apache.shiro.web.servlet.AbstractShiroFilter.executeChain(Ljavax/servlet/ServletRequest;Ljavax/servlet/ServletResponse;Ljavax/servlet/FilterChain;)V+13
j  org.apache.shiro.web.servlet.AbstractShiroFilter$1.call()Ljava/lang/Object;+31
j  org.apache.shiro.subject.support.SubjectCallable.doCall(Ljava/util/concurrent/Callable;)Ljava/lang/Object;+1
j  org.apache.shiro.subject.support.SubjectCallable.call()Ljava/lang/Object;+14
j  org.apache.shiro.subject.support.DelegatingSubject.execute(Ljava/util/concurrent/Callable;)Ljava/lang/Object;+7
j  org.apache.shiro.web.servlet.AbstractShiroFilter.doFilterInternal(Ljavax/servlet/ServletRequest;Ljavax/servlet/ServletResponse;Ljavax/servlet/FilterChain;)V+47
j  org.apache.shiro.web.servlet.OncePerRequestFilter.doFilter(Ljavax/servlet/ServletRequest;Ljavax/servlet/ServletResponse;Ljavax/servlet/FilterChain;)V+113
j  org.springframework.web.filter.DelegatingFilterProxy.invokeDelegate(Ljavax/servlet/Filter;Ljavax/servlet/ServletRequest;Ljavax/servlet/ServletResponse;Ljavax/servlet/FilterChain;)V+5
j  org.springframework.web.filter.DelegatingFilterProxy.doFilter(Ljavax/servlet/ServletRequest;Ljavax/servlet/ServletResponse;Ljavax/servlet/FilterChain;)V+83
j  org.apache.catalina.core.ApplicationFilterChain.internalDoFilter(Ljavax/servlet/ServletRequest;Ljavax/servlet/ServletResponse;)V+119
j  org.apache.catalina.core.ApplicationFilterChain.doFilter(Ljavax/servlet/ServletRequest;Ljavax/servlet/ServletResponse;)V+101
j  org.apache.catalina.core.StandardWrapperValve.invoke(Lorg/apache/catalina/connector/Request;Lorg/apache/catalina/connector/Response;)V+804
j  org.apache.catalina.core.StandardContextValve.invoke(Lorg/apache/catalina/connector/Request;Lorg/apache/catalina/connector/Response;)V+365
j  org.apache.catalina.core.StandardHostValve.invoke(Lorg/apache/catalina/connector/Request;Lorg/apache/catalina/connector/Response;)V+64
j  org.apache.catalina.valves.ErrorReportValve.invoke(Lorg/apache/catalina/connector/Request;Lorg/apache/catalina/connector/Response;)V+6
j  org.apache.catalina.core.StandardEngineValve.invoke(Lorg/apache/catalina/connector/Request;Lorg/apache/catalina/connector/Response;)V+42
j  org.apache.catalina.connector.CoyoteAdapter.service(Lorg/apache/coyote/Request;Lorg/apache/coyote/Response;)V+158
j  org.apache.coyote.http11.Http11Processor.process(Ljava/net/Socket;)V+531
j  org.apache.coyote.http11.Http11Protocol$Http11ConnectionHandler.process(Ljava/net/Socket;)Z+82
j  org.apache.tomcat.util.net.JIoEndpoint$Worker.run()V+41
j  java.lang.Thread.run()V+11
v  ~StubRoutines::call_stub

---------------  P R O C E S S  ---------------

Java Threads: ( => current thread )
  0x000000000ef24800 JavaThread "http-8084-6" daemon [_thread_blocked, id=9500, stack(0x0000000014470000,0x0000000014570000)]
  0x000000000ef22000 JavaThread "http-8084-5" daemon [_thread_blocked, id=10020, stack(0x00000000142d0000,0x00000000143d0000)]
  0x0000000011a27800 JavaThread "http-8084-4" daemon [_thread_blocked, id=9636, stack(0x0000000014130000,0x0000000014230000)]
=>0x000000000fdd7000 JavaThread "http-8084-3" daemon [_thread_in_vm, id=8512, stack(0x0000000013f30000,0x0000000014030000)]
  0x000000000e84b800 JavaThread "http-8084-2" daemon [_thread_blocked, id=9384, stack(0x0000000013db0000,0x0000000013eb0000)]
  0x0000000010a5b800 JavaThread "http-8084-1" daemon [_thread_blocked, id=10084, stack(0x0000000013be0000,0x0000000013ce0000)]
  0x0000000010b8f000 JavaThread "http-8084-Acceptor-0" daemon [_thread_in_native, id=9644, stack(0x0000000012940000,0x0000000012a40000)]
  0x0000000011b30800 JavaThread "ContainerBackgroundProcessor[StandardEngine[localEngine-8084]]" daemon [_thread_blocked, id=9132, stack(0x0000000012830000,0x0000000012930000)]
  0x0000000010a58800 JavaThread "shiro-active%0053ession%0043ache.data" [_thread_blocked, id=6944, stack(0x0000000012480000,0x0000000012580000)]
  0x0000000010e2f000 JavaThread "Statistics Thread-__DEFAULT__-1" daemon [_thread_blocked, id=9136, stack(0x0000000012580000,0x0000000012680000)]
  0x0000000010c48000 JavaThread "org%002eapache%002eshiro%002erealm%002etext%002e%0050roperties%0052ealm-0-accounts.data" [_thread_blocked, id=6172, stack(0x0000000012340000,0x0000000012440000)]
  0x000000000f6e8000 JavaThread "__DEFAULT__" daemon [_thread_blocked, id=4488, stack(0x00000000110f0000,0x00000000111f0000)]
  0x0000000010a40800 JavaThread "Timer-0" daemon [_thread_blocked, id=9408, stack(0x000000000e200000,0x000000000e300000)]
  0x000000000d4c6000 JavaThread "Service Thread" daemon [_thread_blocked, id=10048, stack(0x000000000e4d0000,0x000000000e5d0000)]
  0x000000000d4c2800 JavaThread "C2 CompilerThread1" daemon [_thread_blocked, id=9400, stack(0x000000000e320000,0x000000000e420000)]
  0x000000000d4ca000 JavaThread "C2 CompilerThread0" daemon [_thread_blocked, id=10108, stack(0x000000000e0e0000,0x000000000e1e0000)]
  0x000000000d4b0000 JavaThread "JDWP Command Reader" daemon [_thread_in_native, id=10080, stack(0x000000000dce0000,0x000000000dde0000)]
  0x000000000d4af000 JavaThread "JDWP Event Helper Thread" daemon [_thread_blocked, id=9812, stack(0x000000000dae0000,0x000000000dbe0000)]
  0x000000000d4a2000 JavaThread "JDWP Transport Listener: dt_socket" daemon [_thread_blocked, id=6952, stack(0x000000000df40000,0x000000000e040000)]
  0x000000000bbca000 JavaThread "Attach Listener" daemon [_thread_blocked, id=9720, stack(0x000000000d3a0000,0x000000000d4a0000)]
  0x000000000bb70800 JavaThread "Signal Dispatcher" daemon [_thread_blocked, id=9724, stack(0x000000000d240000,0x000000000d340000)]
  0x000000000bb56000 JavaThread "Finalizer" daemon [_thread_blocked, id=9736, stack(0x000000000d0a0000,0x000000000d1a0000)]
  0x000000000bb4d000 JavaThread "Reference Handler" daemon [_thread_blocked, id=9732, stack(0x000000000cea0000,0x000000000cfa0000)]
  0x00000000020c8000 JavaThread "main" [_thread_blocked, id=10036, stack(0x0000000002500000,0x0000000002600000)]

Other Threads:
  0x000000000bb49800 VMThread [stack: 0x000000000cc00000,0x000000000cd00000] [id=9728]
  0x000000000d4ea000 WatcherThread [stack: 0x000000000e650000,0x000000000e750000] [id=8296]

VM state:not at safepoint (normal execution)

VM Mutex/Monitor currently owned by a thread: None

Heap
 PSYoungGen      total 338944K, used 286395K [0x00000007cb880000, 0x00000007e1b80000, 0x0000000800000000)
  eden space 317440K, 84% used [0x00000007cb880000,0x00000007dbf67c20,0x00000007dee80000)
  from space 21504K, 79% used [0x00000007e0480000,0x00000007e1547018,0x00000007e1980000)
  to   space 22528K, 0% used [0x00000007dee80000,0x00000007dee80000,0x00000007e0480000)
 ParOldGen       total 107008K, used 21445K [0x0000000762a00000, 0x0000000769280000, 0x00000007cb880000)
  object space 107008K, 20% used [0x0000000762a00000,0x0000000763ef1790,0x0000000769280000)
 PSPermGen       total 61440K, used 60983K [0x000000075d800000, 0x0000000761400000, 0x0000000762a00000)
  object space 61440K, 99% used [0x000000075d800000,0x000000076138ddb0,0x0000000761400000)

Card table byte_map: [0x0000000005600000,0x0000000005b20000] byte_map_base: 0x0000000001b14000

Polling page: 0x0000000000210000

Code Cache  [0x0000000002600000, 0x0000000002a20000, 0x0000000005600000)
 total_blobs=1490 nmethods=958 adapters=491 free_code_cache=45463Kb largest_free_block=46041728

Compilation events (10 events):
Event: 308.209 Thread 0x000000000d4c2800 1054             org.apache.tomcat.util.http.MimeHeaders::getValue (44 bytes)
Event: 308.211 Thread 0x000000000d4c2800 nmethod 1054 0x0000000002726110 code [0x0000000002726280, 0x00000000027264a8]
Event: 309.052 Thread 0x000000000d4ca000 1055             java.util.concurrent.ConcurrentHashMap$HashIterator::advance (96 bytes)
Event: 309.054 Thread 0x000000000d4ca000 nmethod 1055 0x000000000289fd50 code [0x000000000289fea0, 0x00000000028a0038]
Event: 312.778 Thread 0x000000000d4c2800 1056   !         java.net.URLDecoder::decode (321 bytes)
Event: 312.787 Thread 0x000000000d4c2800 nmethod 1056 0x0000000002726b50 code [0x0000000002726d60, 0x0000000002727890]
Event: 313.518 Thread 0x000000000d4ca000 1057             org.apache.tomcat.util.buf.Ascii::toLower (14 bytes)
Event: 313.518 Thread 0x000000000d4ca000 nmethod 1057 0x000000000275a410 code [0x000000000275a540, 0x000000000275a598]
Event: 348.647 Thread 0x000000000d4c2800 1058             java.util.regex.Pattern::compile (406 bytes)
Event: 348.677 Thread 0x000000000d4c2800 nmethod 1058 0x00000000027a3fd0 code [0x00000000027a42e0, 0x00000000027a60d8]

GC Heap History (10 events):
Event: 2.708 GC heap before
{Heap before GC invocations=4 (full 0):
 PSYoungGen      total 47104K, used 47096K [0x00000007cb880000, 0x00000007d1480000, 0x0000000800000000)
  eden space 40448K, 100% used [0x00000007cb880000,0x00000007ce000000,0x00000007ce000000)
  from space 6656K, 99% used [0x00000007ce000000,0x00000007ce67e010,0x00000007ce680000)
  to   space 6656K, 0% used [0x00000007d0e00000,0x00000007d0e00000,0x00000007d1480000)
 ParOldGen       total 107008K, used 3345K [0x0000000762a00000, 0x0000000769280000, 0x00000007cb880000)
  object space 107008K, 3% used [0x0000000762a00000,0x0000000762d445f0,0x0000000769280000)
 PSPermGen       total 21504K, used 14532K [0x000000075d800000, 0x000000075ed00000, 0x0000000762a00000)
  object space 21504K, 67% used [0x000000075d800000,0x000000075e6312e8,0x000000075ed00000)
Event: 2.716 GC heap after
Heap after GC invocations=4 (full 0):
 PSYoungGen      total 87552K, used 6632K [0x00000007cb880000, 0x00000007d1480000, 0x0000000800000000)
  eden space 80896K, 0% used [0x00000007cb880000,0x00000007cb880000,0x00000007d0780000)
  from space 6656K, 99% used [0x00000007d0e00000,0x00000007d147a040,0x00000007d1480000)
  to   space 6656K, 0% used [0x00000007d0780000,0x00000007d0780000,0x00000007d0e00000)
 ParOldGen       total 107008K, used 5430K [0x0000000762a00000, 0x0000000769280000, 0x00000007cb880000)
  object space 107008K, 5% used [0x0000000762a00000,0x0000000762f4db60,0x0000000769280000)
 PSPermGen       total 21504K, used 14532K [0x000000075d800000, 0x000000075ed00000, 0x0000000762a00000)
  object space 21504K, 67% used [0x000000075d800000,0x000000075e6312e8,0x000000075ed00000)
}
Event: 3.913 GC heap before
{Heap before GC invocations=5 (full 0):
 PSYoungGen      total 87552K, used 87528K [0x00000007cb880000, 0x00000007d1480000, 0x0000000800000000)
  eden space 80896K, 100% used [0x00000007cb880000,0x00000007d0780000,0x00000007d0780000)
  from space 6656K, 99% used [0x00000007d0e00000,0x00000007d147a040,0x00000007d1480000)
  to   space 6656K, 0% used [0x00000007d0780000,0x00000007d0780000,0x00000007d0e00000)
 ParOldGen       total 107008K, used 5430K [0x0000000762a00000, 0x0000000769280000, 0x00000007cb880000)
  object space 107008K, 5% used [0x0000000762a00000,0x0000000762f4db60,0x0000000769280000)
 PSPermGen       total 21504K, used 19851K [0x000000075d800000, 0x000000075ed00000, 0x0000000762a00000)
  object space 21504K, 92% used [0x000000075d800000,0x000000075eb62df0,0x000000075ed00000)
Event: 3.927 GC heap after
Heap after GC invocations=5 (full 0):
 PSYoungGen      total 87552K, used 6632K [0x00000007cb880000, 0x00000007d7080000, 0x0000000800000000)
  eden space 80896K, 0% used [0x00000007cb880000,0x00000007cb880000,0x00000007d0780000)
  from space 6656K, 99% used [0x00000007d0780000,0x00000007d0dfa020,0x00000007d0e00000)
  to   space 13312K, 0% used [0x00000007d6380000,0x00000007d6380000,0x00000007d7080000)
 ParOldGen       total 107008K, used 12396K [0x0000000762a00000, 0x0000000769280000, 0x00000007cb880000)
  object space 107008K, 11% used [0x0000000762a00000,0x000000076361b078,0x0000000769280000)
 PSPermGen       total 21504K, used 19851K [0x000000075d800000, 0x000000075ed00000, 0x0000000762a00000)
  object space 21504K, 92% used [0x000000075d800000,0x000000075eb62df0,0x000000075ed00000)
}
Event: 5.092 GC heap before
{Heap before GC invocations=6 (full 0):
 PSYoungGen      total 87552K, used 87528K [0x00000007cb880000, 0x00000007d7080000, 0x0000000800000000)
  eden space 80896K, 100% used [0x00000007cb880000,0x00000007d0780000,0x00000007d0780000)
  from space 6656K, 99% used [0x00000007d0780000,0x00000007d0dfa020,0x00000007d0e00000)
  to   space 13312K, 0% used [0x00000007d6380000,0x00000007d6380000,0x00000007d7080000)
 ParOldGen       total 107008K, used 12396K [0x0000000762a00000, 0x0000000769280000, 0x00000007cb880000)
  object space 107008K, 11% used [0x0000000762a00000,0x000000076361b078,0x0000000769280000)
 PSPermGen       total 26624K, used 26526K [0x000000075d800000, 0x000000075f200000, 0x0000000762a00000)
  object space 26624K, 99% used [0x000000075d800000,0x000000075f1e7a50,0x000000075f200000)
Event: 5.107 GC heap after
Heap after GC invocations=6 (full 0):
 PSYoungGen      total 172544K, used 13307K [0x00000007cb880000, 0x00000007d7580000, 0x0000000800000000)
  eden space 159232K, 0% used [0x00000007cb880000,0x00000007cb880000,0x00000007d5400000)
  from space 13312K, 99% used [0x00000007d6380000,0x00000007d707efb0,0x00000007d7080000)
  to   space 15872K, 0% used [0x00000007d5400000,0x00000007d5400000,0x00000007d6380000)
 ParOldGen       total 107008K, used 14116K [0x0000000762a00000, 0x0000000769280000, 0x00000007cb880000)
  object space 107008K, 13% used [0x0000000762a00000,0x00000007637c9350,0x0000000769280000)
 PSPermGen       total 26624K, used 26526K [0x000000075d800000, 0x000000075f200000, 0x0000000762a00000)
  object space 26624K, 99% used [0x000000075d800000,0x000000075f1e7a50,0x000000075f200000)
}
Event: 6.832 GC heap before
{Heap before GC invocations=7 (full 0):
 PSYoungGen      total 172544K, used 172539K [0x00000007cb880000, 0x00000007d7580000, 0x0000000800000000)
  eden space 159232K, 100% used [0x00000007cb880000,0x00000007d5400000,0x00000007d5400000)
  from space 13312K, 99% used [0x00000007d6380000,0x00000007d707efb0,0x00000007d7080000)
  to   space 15872K, 0% used [0x00000007d5400000,0x00000007d5400000,0x00000007d6380000)
 ParOldGen       total 107008K, used 14116K [0x0000000762a00000, 0x0000000769280000, 0x00000007cb880000)
  object space 107008K, 13% used [0x0000000762a00000,0x00000007637c9350,0x0000000769280000)
 PSPermGen       total 37888K, used 37651K [0x000000075d800000, 0x000000075fd00000, 0x0000000762a00000)
  object space 37888K, 99% used [0x000000075d800000,0x000000075fcc4e10,0x000000075fd00000)
Event: 6.855 GC heap after
Heap after GC invocations=7 (full 0):
 PSYoungGen      total 175104K, used 15857K [0x00000007cb880000, 0x00000007e1980000, 0x0000000800000000)
  eden space 159232K, 0% used [0x00000007cb880000,0x00000007cb880000,0x00000007d5400000)
  from space 15872K, 99% used [0x00000007d5400000,0x00000007d637c7b0,0x00000007d6380000)
  to   space 21504K, 0% used [0x00000007e0480000,0x00000007e0480000,0x00000007e1980000)
 ParOldGen       total 107008K, used 20549K [0x0000000762a00000, 0x0000000769280000, 0x00000007cb880000)
  object space 107008K, 19% used [0x0000000762a00000,0x0000000763e11790,0x0000000769280000)
 PSPermGen       total 37888K, used 37651K [0x000000075d800000, 0x000000075fd00000, 0x0000000762a00000)
  object space 37888K, 99% used [0x000000075d800000,0x000000075fcc4e10,0x000000075fd00000)
}
Event: 8.945 GC heap before
{Heap before GC invocations=8 (full 0):
 PSYoungGen      total 175104K, used 175089K [0x00000007cb880000, 0x00000007e1980000, 0x0000000800000000)
  eden space 159232K, 100% used [0x00000007cb880000,0x00000007d5400000,0x00000007d5400000)
  from space 15872K, 99% used [0x00000007d5400000,0x00000007d637c7b0,0x00000007d6380000)
  to   space 21504K, 0% used [0x00000007e0480000,0x00000007e0480000,0x00000007e1980000)
 ParOldGen       total 107008K, used 20549K [0x0000000762a00000, 0x0000000769280000, 0x00000007cb880000)
  object space 107008K, 19% used [0x0000000762a00000,0x0000000763e11790,0x0000000769280000)
 PSPermGen       total 47616K, used 47535K [0x000000075d800000, 0x0000000760680000, 0x0000000762a00000)
  object space 47616K, 99% used [0x000000075d800000,0x000000076066bf28,0x0000000760680000)
Event: 8.965 GC heap after
Heap after GC invocations=8 (full 0):
 PSYoungGen      total 338944K, used 17180K [0x00000007cb880000, 0x00000007e1b80000, 0x0000000800000000)
  eden space 317440K, 0% used [0x00000007cb880000,0x00000007cb880000,0x00000007dee80000)
  from space 21504K, 79% used [0x00000007e0480000,0x00000007e1547018,0x00000007e1980000)
  to   space 22528K, 0% used [0x00000007dee80000,0x00000007dee80000,0x00000007e0480000)
 ParOldGen       total 107008K, used 21445K [0x0000000762a00000, 0x0000000769280000, 0x00000007cb880000)
  object space 107008K, 20% used [0x0000000762a00000,0x0000000763ef1790,0x0000000769280000)
 PSPermGen       total 47616K, used 47535K [0x000000075d800000, 0x0000000760680000, 0x0000000762a00000)
  object space 47616K, 99% used [0x000000075d800000,0x000000076066bf28,0x0000000760680000)
}

Deoptimization events (10 events):
Event: 348.628 Thread 0x000000000fdd7000 Uncommon trap: reason=unhandled action=none pc=0x00000000028b0110 method=java.net.URLClassLoader$1.run()Ljava/lang/Class; @ 72
Event: 348.628 Thread 0x000000000fdd7000 Uncommon trap: reason=unhandled action=none pc=0x00000000028b0110 method=java.net.URLClassLoader$1.run()Ljava/lang/Class; @ 72
Event: 348.629 Thread 0x000000000fdd7000 Uncommon trap: reason=unhandled action=none pc=0x00000000028b0110 method=java.net.URLClassLoader$1.run()Ljava/lang/Class; @ 72
Event: 348.629 Thread 0x000000000fdd7000 Uncommon trap: reason=unhandled action=none pc=0x00000000028b0110 method=java.net.URLClassLoader$1.run()Ljava/lang/Class; @ 72
Event: 348.630 Thread 0x000000000fdd7000 Uncommon trap: reason=unhandled action=none pc=0x00000000028b0110 method=java.net.URLClassLoader$1.run()Ljava/lang/Class; @ 72
Event: 348.630 Thread 0x000000000fdd7000 Uncommon trap: reason=unhandled action=none pc=0x00000000028b0110 method=java.net.URLClassLoader$1.run()Ljava/lang/Class; @ 72
Event: 348.641 Thread 0x000000000fdd7000 Uncommon trap: reason=unhandled action=none pc=0x00000000028b0110 method=java.net.URLClassLoader$1.run()Ljava/lang/Class; @ 72
Event: 348.641 Thread 0x000000000fdd7000 Uncommon trap: reason=unhandled action=none pc=0x00000000028b0110 method=java.net.URLClassLoader$1.run()Ljava/lang/Class; @ 72
Event: 348.643 Thread 0x000000000fdd7000 Uncommon trap: reason=unhandled action=none pc=0x00000000028b0110 method=java.net.URLClassLoader$1.run()Ljava/lang/Class; @ 72
Event: 348.643 Thread 0x000000000fdd7000 Uncommon trap: reason=unhandled action=none pc=0x00000000028b0110 method=java.net.URLClassLoader$1.run()Ljava/lang/Class; @ 72

Internal exceptions (10 events):
Event: 387.995 Thread 0x000000000fdd7000 Threw 0x00000007dbadd7c8 at C:\re\jdk7u45\229\hotspot\src\share\vm\prims\jvm.cpp:1244
Event: 387.996 Thread 0x000000000fdd7000 Threw 0x00000007dbae47a8 at C:\re\jdk7u45\229\hotspot\src\share\vm\prims\jvm.cpp:1244
Event: 387.997 Thread 0x000000000fdd7000 Threw 0x00000007dbae50d8 at C:\re\jdk7u45\229\hotspot\src\share\vm\prims\jvm.cpp:1244
Event: 387.998 Thread 0x000000000fdd7000 Threw 0x00000007dbaecc10 at C:\re\jdk7u45\229\hotspot\src\share\vm\prims\jvm.cpp:1244
Event: 387.998 Thread 0x000000000fdd7000 Threw 0x00000007dbaed590 at C:\re\jdk7u45\229\hotspot\src\share\vm\prims\jvm.cpp:1244
Event: 388.000 Thread 0x000000000fdd7000 Threw 0x00000007dbaf5ad8 at C:\re\jdk7u45\229\hotspot\src\share\vm\prims\jvm.cpp:1244
Event: 388.000 Thread 0x000000000fdd7000 Threw 0x00000007dbaf6408 at C:\re\jdk7u45\229\hotspot\src\share\vm\prims\jvm.cpp:1244
Event: 389.363 Thread 0x000000000ef22000 Threw 0x00000007d5e3c8f0 at C:\re\jdk7u45\229\hotspot\src\share\vm\prims\jni.cpp:743
Event: 392.085 Thread 0x000000000fdd7000 Threw 0x00000007dbb01b50 at C:\re\jdk7u45\229\hotspot\src\share\vm\runtime\reflection.cpp:1030
Event: 452.302 Thread 0x000000000fdd7000 Threw 0x00000007dbb89390 at C:\re\jdk7u45\229\hotspot\src\share\vm\prims\jni.cpp:743

Events (10 events):
Event: 541.135 Executing VM operation: GetOrSetLocal
Event: 541.135 Executing VM operation: GetOrSetLocal done
Event: 541.136 Executing VM operation: GetOrSetLocal
Event: 541.136 Executing VM operation: GetOrSetLocal done
Event: 541.137 Executing VM operation: GetOrSetLocal
Event: 541.137 Executing VM operation: GetOrSetLocal done
Event: 541.138 Executing VM operation: GetOrSetLocal
Event: 541.138 Executing VM operation: GetOrSetLocal done
Event: 541.139 Executing VM operation: GetOrSetLocal
Event: 541.139 Executing VM operation: GetOrSetLocal done


Dynamic libraries:
0x000000013fea0000 - 0x000000013fed3000 	D:\Program Files\Java\jdk1.7.0_45\bin\javaw.exe
0x0000000076d00000 - 0x0000000076ea9000 	C:\Windows\SYSTEM32\ntdll.dll
0x00000000769a0000 - 0x0000000076abf000 	C:\Windows\system32\kernel32.dll
0x000007fefcca0000 - 0x000007fefcd0c000 	C:\Windows\system32\KERNELBASE.dll
0x000007fefd640000 - 0x000007fefd71b000 	C:\Windows\system32\ADVAPI32.dll
0x000007fefd120000 - 0x000007fefd1bf000 	C:\Windows\system32\msvcrt.dll
0x000007fefeff0000 - 0x000007feff00f000 	C:\Windows\SYSTEM32\sechost.dll
0x000007fefeec0000 - 0x000007fefefed000 	C:\Windows\system32\RPCRT4.dll
0x0000000076c00000 - 0x0000000076cfa000 	C:\Windows\system32\USER32.dll
0x000007fefd4c0000 - 0x000007fefd527000 	C:\Windows\system32\GDI32.dll
0x000007fefe9c0000 - 0x000007fefe9ce000 	C:\Windows\system32\LPK.dll
0x000007fefea30000 - 0x000007fefeaf9000 	C:\Windows\system32\USP10.dll
0x000007fefb350000 - 0x000007fefb544000 	C:\Windows\WinSxS\amd64_microsoft.windows.common-controls_6595b64144ccf1df_6.0.7601.17514_none_fa396087175ac9ac\COMCTL32.dll
0x000007fefe940000 - 0x000007fefe9b1000 	C:\Windows\system32\SHLWAPI.dll
0x000007fefd060000 - 0x000007fefd08e000 	C:\Windows\system32\IMM32.DLL
0x000007fefd530000 - 0x000007fefd639000 	C:\Windows\system32\MSCTF.dll
0x000000006b930000 - 0x000000006ba02000 	D:\Program Files\Java\jdk1.7.0_45\jre\bin\msvcr100.dll
0x000000005a320000 - 0x000000005aae9000 	D:\Program Files\Java\jdk1.7.0_45\jre\bin\server\jvm.dll
0x000007fef88e0000 - 0x000007fef88e9000 	C:\Windows\system32\WSOCK32.dll
0x000007fefd1c0000 - 0x000007fefd20d000 	C:\Windows\system32\WS2_32.dll
0x000007fefed30000 - 0x000007fefed38000 	C:\Windows\system32\NSI.dll
0x000007fefcbe0000 - 0x000007fefcc1b000 	C:\Windows\system32\WINMM.dll
0x0000000076ec0000 - 0x0000000076ec7000 	C:\Windows\system32\PSAPI.DLL
0x000000006f2d0000 - 0x000000006f2df000 	D:\Program Files\Java\jdk1.7.0_45\jre\bin\verify.dll
0x000000006c2d0000 - 0x000000006c2f8000 	D:\Program Files\Java\jdk1.7.0_45\jre\bin\java.dll
0x0000000069cb0000 - 0x0000000069ce5000 	D:\Program Files\Java\jdk1.7.0_45\jre\bin\jdwp.dll
0x000000006f380000 - 0x000000006f388000 	D:\Program Files\Java\jdk1.7.0_45\jre\bin\npt.dll
0x000000006e7f0000 - 0x000000006e805000 	D:\Program Files\Java\jdk1.7.0_45\jre\bin\zip.dll
0x000000006f2c0000 - 0x000000006f2c9000 	D:\Program Files\Java\jdk1.7.0_45\jre\bin\dt_socket.dll
0x000007fefa3c0000 - 0x000007fefa3d5000 	C:\Windows\system32\NLAapi.dll
0x000007fef95d0000 - 0x000007fef95e5000 	C:\Windows\system32\napinsp.dll
0x000007fef95f0000 - 0x000007fef9609000 	C:\Windows\system32\pnrpnsp.dll
0x000007fefc0a0000 - 0x000007fefc0f5000 	C:\Windows\System32\mswsock.dll
0x000007fefbf20000 - 0x000007fefbf7b000 	C:\Windows\system32\DNSAPI.dll
0x000007fef95c0000 - 0x000007fef95cb000 	C:\Windows\System32\winrnr.dll
0x000007fef9cd0000 - 0x000007fef9cf7000 	C:\Windows\system32\IPHLPAPI.DLL
0x000007fef9cb0000 - 0x000007fef9cbb000 	C:\Windows\system32\WINNSI.DLL
0x000007fef9b70000 - 0x000007fef9bc3000 	C:\Windows\System32\fwpuclnt.dll
0x000007fef96d0000 - 0x000007fef96d8000 	C:\Windows\system32\rasadhlp.dll
0x000007fefbab0000 - 0x000007fefbab7000 	C:\Windows\System32\wshtcpip.dll
0x000000006c0e0000 - 0x000000006c0f9000 	D:\Program Files\Java\jdk1.7.0_45\jre\bin\net.dll
0x000007fefc090000 - 0x000007fefc097000 	C:\Windows\System32\wship6.dll
0x000000006b200000 - 0x000000006b211000 	D:\Program Files\Java\jdk1.7.0_45\jre\bin\nio.dll
0x000007fefc100000 - 0x000007fefc117000 	C:\Windows\system32\CRYPTSP.dll
0x000007fefbe00000 - 0x000007fefbe47000 	C:\Windows\system32\rsaenh.dll
0x000007fefcc40000 - 0x000007fefcc5e000 	C:\Windows\system32\USERENV.dll
0x000007fefc910000 - 0x000007fefc91f000 	C:\Windows\system32\profapi.dll
0x000007fefc700000 - 0x000007fefc70f000 	C:\Windows\system32\CRYPTBASE.dll
0x000000006e7e0000 - 0x000000006e7eb000 	D:\Program Files\Java\jdk1.7.0_45\jre\bin\management.dll
0x0000000068e30000 - 0x0000000068fc5000 	D:\Program Files\Java\jdk1.7.0_45\jre\bin\awt.dll
0x000007fefce00000 - 0x000007fefced7000 	C:\Windows\system32\OLEAUT32.dll
0x000007fefd210000 - 0x000007fefd413000 	C:\Windows\system32\ole32.dll
0x000007fef8780000 - 0x000007fef88a5000 	C:\Windows\system32\dbghelp.dll

VM Arguments:
jvm_args: -agentlib:jdwp=transport=dt_socket,suspend=y,address=localhost:62358 -Dmaven.home=D:\maven\apache-maven-3.2.1 -Dclassworlds.conf=E:\eclipse\workspace\.metadata\.plugins\org.eclipse.m2e.launching\launches\m2conf1231042955164135518.tmp -Dmaven.bootclasspath=D:\maven\apache-maven-3.2.1\boot\plexus-classworlds-2.5.1.jar -Dfile.encoding=UTF-8 
java_command: org.codehaus.classworlds.Launcher -B -s D:\maven\apache-maven-3.2.1\conf\settings.xml tomcat6:run
Launcher Type: SUN_STANDARD

Environment Variables:
JAVA_HOME=D:\Program Files\Java\jdk1.6.0_10
PATH=D:\Program Files\Java\jdk1.7.0_45\jre\bin;D:/eclipse64/jre/bin/server;D:/eclipse64/jre/bin;D:/eclipse64/jre/lib/amd64;D:\app\mawujun\product\11.2.0\client_1;D:\app\mawujun\product\11.2.0\dbhome_1\bin;D:\maven\apache-maven-3.2.1\bin;D:\Program Files\Java\jdk1.6.0_10\bin;C:\Windows\system32;C:\Windows;C:\Windows\System32\Wbem;C:\Windows\System32\WindowsPowerShell\v1.0\;D:\Program Files\TortoiseSVN\bin;D:\Program Files\nodejs\;D:\eclipse64;
USERNAME=mawujun
OS=Windows_NT
PROCESSOR_IDENTIFIER=Intel64 Family 6 Model 42 Stepping 7, GenuineIntel



---------------  S Y S T E M  ---------------

OS: Windows 7 , 64 bit Build 7601 Service Pack 1

CPU:total 4 (4 cores per cpu, 1 threads per core) family 6 model 42 stepping 7, cmov, cx8, fxsr, mmx, sse, sse2, sse3, ssse3, sse4.1, sse4.2, popcnt, avx, tsc, tscinvbit

Memory: 4k page, physical 10305948k(2671452k free), swap 20610032k(6127516k free)

vm_info: Java HotSpot(TM) 64-Bit Server VM (24.45-b08) for windows-amd64 JRE (1.7.0_45-b18), built on Oct  8 2013 05:47:22 by "java_re" with unknown MS VC++:1600

time: Wed Jul 30 18:16:05 2014
elapsed time: 543 seconds

