#
# A fatal error has been detected by the Java Runtime Environment:
#
#  EXCEPTION_ACCESS_VIOLATION (0xc0000005) at pc=0x0000000063088746, pid=8140, tid=8056
#
# JRE version: Java(TM) SE Runtime Environment (7.0_45-b18) (build 1.7.0_45-b18)
# Java VM: Java HotSpot(TM) 64-Bit Server VM (24.45-b08 mixed mode windows-amd64 compressed oops)
# Problematic frame:
# V  [jvm.dll+0x1e8746]
#
# Failed to write core dump. Minidumps are not enabled by default on client versions of Windows
#
# If you would like to submit a bug report, please visit:
#   http://bugreport.sun.com/bugreport/crash.jsp
#

---------------  T H R E A D  ---------------

Current thread (0x000000000da8d800):  JavaThread "http-8084-5" daemon [_thread_in_vm, id=8056, stack(0x0000000011ec0000,0x0000000011fc0000)]

siginfo: ExceptionCode=0xc0000005, reading address 0x000000000000000a

Registers:
RAX=0x0000000000000000, RBX=0x0000000011fbcf00, RCX=0x0000000011fbcf00, RDX=0x0000000000000028
RSP=0x0000000011fbcc40, RBP=0x0000000011fbcfd9, RSI=0x000000000da8d800, RDI=0x0000000000000000
R8 =0x0000000000000000, R9 =0x0000000000000006, R10=0x00000000a1063988, R11=0x0000000011fbcde8
R12=0x0000000000000000, R13=0x000000000cac6140, R14=0x000000000ce8dd00, R15=0x00000000000000b6
RIP=0x0000000063088746, EFLAGS=0x0000000000010202

Top of Stack: (sp=0x0000000011fbcc40)
0x0000000011fbcc40:   000000000da8d800 000000006307a201
0x0000000011fbcc50:   000000000ce8e190 000000000ce8e198
0x0000000011fbcc60:   000000000ce8e178 000000000ce8e190
0x0000000011fbcc70:   000000000ce8e188 000000000000000e
0x0000000011fbcc80:   000000000ce8e180 000000006304c801
0x0000000011fbcc90:   000000000da8d800 000000009d13ed63
0x0000000011fbcca0:   0000000011fbcde8 0000000011fbcdf0
0x0000000011fbccb0:   0000000011fbcdf8 000000000ce8e178
0x0000000011fbccc0:   000000000da8d9e8 000000000da8d800
0x0000000011fbccd0:   000000000ce8e170 0000000062ffcc8c
0x0000000011fbcce0:   0000000000000000 000000000ce8e178
0x0000000011fbccf0:   000000000ce8e180 000000000000002e
0x0000000011fbcd00:   00000000a0f70c50 000000009e743bb8
0x0000000011fbcd10:   000000000ce8e170 000000000291d167
0x0000000011fbcd20:   000000000da8d800 0000000011fbcdf8
0x0000000011fbcd30:   0000000000000000 0000000000000000 

Instructions: (pc=0x0000000063088746)
0x0000000063088726:   01 00 00 48 8b 05 b0 41 54 00 48 33 c4 48 89 84
0x0000000063088736:   24 30 01 00 00 4c 63 41 10 48 8b 41 08 48 8b d9
0x0000000063088746:   42 38 54 00 0a 74 33 44 0f be c2 48 8d 4c 24 20
0x0000000063088756:   48 8d 15 93 85 3a 00 e8 8e 54 e3 ff 48 8d 0d 27 


Register to memory mapping:

RAX=0x0000000000000000 is an unknown value
RBX=0x0000000011fbcf00 is pointing into the stack for thread: 0x000000000da8d800
RCX=0x0000000011fbcf00 is pointing into the stack for thread: 0x000000000da8d800
RDX=0x0000000000000028 is an unknown value
RSP=0x0000000011fbcc40 is pointing into the stack for thread: 0x000000000da8d800
RBP=0x0000000011fbcfd9 is pointing into the stack for thread: 0x000000000da8d800
RSI=0x000000000da8d800 is a thread
RDI=0x0000000000000000 is an unknown value
R8 =0x0000000000000000 is an unknown value
R9 =0x0000000000000006 is an unknown value
R10=0x00000000a1063988 is an oop
{constant pool} 
 - klass: {other class}
 - holder: 0x000000009eb80af8
 - cache: 0x00000000a10646b0
 -   1 :  : 'com/mawujun/repair/RepairService' {0x9eb80af8}
 -   2 :  : 'com/mawujun/repair/RepairService'
 -   3 :  : 'com/mawujun/service/AbstractService'
 -   4 :  : 'com/mawujun/service/AbstractService'
 -   5 :  : 'repairRepository'
 -   6 :  : 'Lcom/mawujun/repair/RepairRepository;'
 -   7 :  : 'RuntimeVisibleAnnotations'
 -   8 :  : 'Lorg/springframework/beans/factory/annotation/Autowired;'
 -   9 :  : 'storeRepository'
 -  10 :  : 'Lcom/mawujun/baseinfo/StoreRepository;'
 -  11 :  : 'storeEquipmentRepository'
 -  12 :  : 'Lcom/mawujun/install/StoreEquipmentRepository;'
 -  13 :  : 'equipmentRepository'
 -  14 :  : 'Lcom/mawujun/baseinfo/EquipmentRepository;'
 -  15 :  : 'installInRepository'
 -  16 :  : 'Lcom/mawujun/install/InstallInRepository;'
 -  17 :  : 'ymdHmsDateFormat'
 -  18 :  : 'Ljava/text/SimpleDateFormat;'
 -  19 :  : '<init>'
 -  20 :  : '()V'
 -  21 :  : 'Code'
 -  22 :  : klass_index=3 name_and_type_index=23
 -  23 :  : name_index=19 signature_index=20
 -  24 :  : 'java/text/SimpleDateFormat'
 -  25 :  : 'java/text/SimpleDateFormat'
 -  26 :  : "yyyyMMddHHmmss" {0xee2fe870}
 -  27 :  : 'yyyyMMddHHmmss'
 -  28 :  : klass_index=24 name_and_type_index=29
 -  29 :  : name_index=19 signature_index=30
 -  30 :  : '(Ljava/lang/String;)V'
 -  31 :  : klass_index=1 name_and_type_index=32
 -  32 :  : name_index=17 signature_index=18
 -  33 :  : 'LineNumberTable'
 -  34 :  : 'LocalVariableTable'
 -  35 :  : 'this'
 -  36 :  : 'Lcom/mawujun/repair/RepairService;'
 -  37 :  : 'getRepository'
 -  38 :  : '()Lcom/mawujun/repair/RepairRepository;'
 -  39 :  : klass_index=1 name_and_type_index=40
 -  40 :  : name_index=5 signature_index=6
 -  41 :  : 'getRepairVOByEcode'
 -  42 :  : '(Ljava/lang/String;)Lcom/mawujun/repair/RepairVO;'
 -  43 :  : klass_index=44 name_and_type_index=46
 -  44 :  : 'com/mawujun/repair/RepairRepository' {0x9fc10bd0}
 -  45 :  : 'com/mawujun/repair/RepairRepository'
 -  46 :  : name_index=41 signature_index=42
 -  47 :  : klass_index=1 name_and_type_index=48
 -  48 :  : name_index=15 signature_index=16
 -  49 :  : klass_index=50 name_and_type_index=52
 -  50 :  : 'com/mawujun/install/InstallInRepository'
 -  51 :  : 'com/mawujun/install/InstallInRepository'
 -  52 :  : name_index=53 signature_index=54
 -  53 :  : 'getInstallInByEcode'
 -  54 :  : '(Ljava/lang/String;)Lcom/mawujun/install/InstallIn;'
 -  55 :  : klass_index=56 name_and_type_index=58
 -  56 :  : 'com/mawujun/install/InstallIn'
 -  57 :  : 'com/mawujun/install/InstallIn'
 -  58 :  : name_index=59 signature_index=60
 -  59 :  : 'getWorkUnit_id'
 -  60 :  : '()Ljava/lang/String;'
 -  61 :  : klass_index=62 name_and_type_index=64
 -  62 :  : 'com/mawujun/repair/RepairVO' {0x9fc12ac8}
 -  63 :  : 'com/mawujun/repair/RepairVO'
 -  64 :  : name_index=65 signature_index=30
 -  65 :  : 'setWorkunit_id'
 -  66 :  : klass_index=56 name_and_type_index=67
 -  67 :  : name_index=68 signature_index=69
 -  68 :  : 'getOperateDate'
 -  69 :  : '()Ljava/util/Date;'
 -  70 :  : klass_index=62 name_and_type_index=71
 -  71 :  : name_index=72 signature_index=73
 -  72 :  : 'setRepair_date'
 -  73 :  : '(Ljava/util/Date;)V'
 -  74 :  : klass_index=56 name_and_type_index=75
 -  75 :  : name_index=76 signature_index=60
 -  76 :  : 'getId'
 -  77 :  : klass_index=62 name_and_type_index=78
 -  78 :  : name_index=79 signature_index=30
 -  79 :  : 'setInstallIn_id'
 -  80 :  : 'ecode'
 -  81 :  : 'Ljava/lang/String;'
 -  82 :  : 'repairvo'
 -  83 :  : 'Lcom/mawujun/repair/RepairVO;'
 -  84 :  : 'installIn'
 -  85 :  : 'Lcom/mawujun/install/InstallIn;'
 -  86 :  : 'newRepair'
 -  87 :  : '([Lcom/mawujun/repair/Repair;)V'
 -  88 :  : 'java/util/Date' {0x9d451b68}
 -  89 :  : 'java/util/Date'
 -  90 :  : klass_index=88 name_and_type_index=23
 -  91 :  : klass_index=24 name_and_type_index=92
 -  92 :  : name_index=93 signature_index=94
 -  93 :  : 'format'
 -  94 :  : '(Ljava/util/Date;)Ljava/lang/String;'
 -  95 :  : klass_index=96 name_and_type_index=98
 -  96 :  : 'com/mawujun/shiro/ShiroUtils' {0xa07af350}
 -  97 :  : 'com/mawujun/shiro/ShiroUtils'
 -  98 :  : name_index=99 signature_index=100
 -  99 :  : 'getAuthenticationInfo'
 - 100 :  : '()Lcom/mawujun/user/User;'
 - 101 :  : klass_index=102 name_and_type_index=75
 - 102 :  : 'com/mawujun/user/User' {0x9ed613e0}
 - 103 :  : 'com/mawujun/user/User'
 - 104 :  : klass_index=1 name_and_type_index=105
 - 105 :  : name_index=13 signature_index=14
 - 106 :  : klass_index=107 name_and_type_index=109
 - 107 :  : 'com/mawujun/repository/cnd/Cnd' {0x9ed684c0}
 - 108 :  : 'com/mawujun/repository/cnd/Cnd'
 - 109 :  : name_index=110 signature_index=111
 - 110 :  : 'update'
 - 111 :  : '()Lcom/mawujun/repository/cnd/Cnd;'
 - 112 :  : "status" {0xa3d76188}
 - 113 :  : 'status'
 - 114 :  : klass_index=115 name_and_type_index=117
 - 115 :  : 'java/lang/Integer' {0x9d0a0e78}
 - 116 :  : 'java/lang/Integer'
 - 117 :  : name_index=118 signature_index=119
 - 118 :  : 'valueOf'
 - 119 :  : '(I)Ljava/lang/Integer;'
 - 120 :  : klass_index=107 name_and_type_index=121
 - 121 :  : name_index=122 signature_index=123
 - 122 :  : 'set'
 - 123 :  : '(Ljava/lang/String;Ljava/lang/Object;)Lcom/mawujun/repository/cnd/Cnd;'
 - 124 :  : "ecode" {0xfa6cb848}
 - 125 :  : klass_index=126 name_and_type_index=128
 - 126 :  : 'com/mawujun/repair/Repair' {0x9f0152b8}
 - 127 :  : 'com/mawujun/repair/Repair'
 - 128 :  : name_index=129 signature_index=60
 - 129 :  : 'getEcode'
 - 130 :  : klass_index=107 name_and_type_index=131
 - 131 :  : name_index=132 signature_index=123
 - 132 :  : 'andEquals'
 - 133 :  : klass_index=134 name_and_type_index=136
 - 134 :  : 'com/mawujun/baseinfo/EquipmentRepository' {0x9fbf74d8}
 - 135 :  : 'com/mawujun/baseinfo/EquipmentRepository'
 - 136 :  : name_index=110 signature_index=137
 - 137 :  : '(Lcom/mawujun/repository/cnd/Cnd;)V'
 - 138 :  : 'java/lang/StringBuilder'
 - 139 :  : 'java/lang/StringBuilder'
 - 140 :  : klass_index=141 name_and_type_index=143
 - 141 :  : 'java/lang/String' {0x9d00afe8}
 - 142 :  : 'java/lang/String'
 - 143 :  : name_index=118 signature_index=144
 - 144 :  : '(Ljava/lang/Object;)Ljava/lang/String;'
 - 145 :  : klass_index=138 name_and_type_index=29
 - 146 :  : klass_index=141 name_and_type_index=147
 - 147 :  : name_index=118 signature_index=148
 - 148 :  : '(I)Ljava/lang/String;'
 - 149 :  : klass_index=138 name_and_type_index=150
 - 150 :  : name_index=151 signature_index=60
 - 151 :  : 'toString'
 - 152 :  : klass_index=153 name_and_type_index=155
 - 153 :  : 'com/mawujun/utils/StringUtils'
 - 154 :  : 'com/mawujun/utils/StringUtils'
 - 155 :  : name_index=156 signature_index=157
 - 156 :  : 'leftPad'
 - 157 :  : '(Ljava/lang/String;IC)Ljava/lang/String;'
 - 158 :  : klass_index=138 name_and_type_index=159
 - 159 :  : name_index=160 signature_index=161
 - 160 :  : 'append'
 - 161 :  : '(Ljava/lang/String;)Ljava/lang/StringBuilder;'
 - 162 :  : klass_index=126 name_and_type_index=163
 - 163 :  : name_index=164 signature_index=30
 - 164 :  : 'setId'
 - 165 :  : klass_index=166 name_and_type_index=168
 - 166 :  : 'com/mawujun/repair/RepairStatus' {0xa0aa67f8}
 - 167 :  : 'com/mawujun/repair/RepairStatus'
 - 168 :  : name_index=169 signature_index=170
 - 169 :  : 'One'
 - 170 :  : 'Lcom/mawujun/repair/RepairStatus;'
 - 171 :  : klass_index=166 name_and_type_index=172
 - 172 :  : name_index=173 signature_index=174
 - 173 :  : 'getValue'
 - 174 :  : '()Ljava/lang/Integer;'
 - 175 :  : klass_index=126 name_and_type_index=176
 - 176 :  : name_index=177 signature_index=178
 - 177 :  : 'setStatus'
 - 178 :  : '(Ljava/lang/Integer;)V'
 - 179 :  : klass_index=126 name_and_type_index=180
 - 180 :  : name_index=181 signature_index=73
 - 181 :  : 'setStr_out_date'
 - 182 :  : klass_index=126 name_and_type_index=183
 - 183 :  : name_index=184 signature_index=30
 - 184 :  : 'setStr_out_oper_id'
 - 185 :  : klass_index=44 name_and_type_index=186
 - 186 :  : name_index=187 signature_index=188
 - 187 :  : 'create'
 - 188 :  : '(Ljava/lang/Object;)Ljava/io/Serializable;'
 - 189 :  : 'repairs'
 - 190 :  : '[Lcom/mawujun/repair/Repair;'
 - 191 :  : 'id_prev'
 - 192 :  : 'oper_id'
 - 193 :  : 'i'
 - 194 :  : 'I'
 - 195 :  : 'repair'
 - 196 :  : 'Lcom/mawujun/repair/Repair;'
 - 197 :  : 'id'
 - 198 :  : 'StackMapTable'
 - 199 :  : '[Lcom/mawujun/repair/Repair;'
 - 200 :  : 'storeQuery'
 - 201 :  : '(Lcom/mawujun/utils/page/Page;)Lcom/mawujun/utils/page/Page;'
 - 202 :  : klass_index=1 name_and_type_index=203
 - 203 :  : name_index=9 signature_index=10
 - 204 :  : klass_index=205 name_and_type_index=207
 - 205 :  : 'com/mawujun/baseinfo/StoreRepository' {0x9fc067a8}
 - 206 :  : 'com/mawujun/baseinfo/StoreRepository'
 - 207 :  : name_index=208 signature_index=209
 - 208 :  : 'queryAll'
 - 209 :  : '()Ljava/util/List;'
 - 210 :  : klass_index=44 name_and_type_index=211
 - 211 :  : name_index=200 signature_index=201
 - 212 :  : klass_index=213 name_and_type_index=215
 - 213 :  : 'com/mawujun/utils/page/Page' {0x9ed6a7f0}
 - 214 :  : 'com/mawujun/utils/page/Page'
 - 215 :  : name_index=216 signature_index=209
 - 216 :  : 'getResult'
 - 217 :  : klass_index=218 name_and_type_index=220
 - 218 :  : 'java/util/List' {0x9d0baf28}
 - 219 :  : 'java/util/List'
 - 220 :  : name_index=221 signature_index=222
 - 221 :  : 'iterator'
 - 222 :  : '()Ljava/util/Iterator;'
 - 223 :  : klass_index=224 name_and_type_index=226
 - 224 :  : 'java/util/Iterator' {0x9d10f228}
 - 225 :  : 'java/util/Iterator'
 - 226 :  : name_index=227 signature_index=228
 - 227 :  : 'next'
 - 228 :  : '()Ljava/lang/Object;'
 - 229 :  : 'com/mawujun/baseinfo/Store' {0x9f006d38}
 - 230 :  : 'com/mawujun/baseinfo/Store'
 - 231 :  : klass_index=229 name_and_type_index=75
 - 232 :  : klass_index=62 name_and_type_index=233
 - 233 :  : name_index=234 signature_index=60
 - 234 :  : 'getStr_out_id'
 - 235 :  : klass_index=141 name_and_type_index=236
 - 236 :  : name_index=237 signature_index=238
 - 237 :  : 'equals'
 - 238 :  : '(Ljava/lang/Object;)Z'
 - 239 :  : klass_index=229 name_and_type_index=240
 - 240 :  : name_index=241 signature_index=60
 - 241 :  : 'getName'
 - 242 :  : klass_index=62 name_and_type_index=243
 - 243 :  : name_index=244 signature_index=30
 - 244 :  : 'setStr_out_name'
 - 245 :  : klass_index=62 name_and_type_index=246
 - 246 :  : name_index=247 signature_index=60
 - 247 :  : 'getRpa_id'
 - 248 :  : klass_index=62 name_and_type_index=249
 - 249 :  : name_index=250 signature_index=30
 - 250 :  : 'setRpa_name'
 - 251 :  : klass_index=62 name_and_type_index=252
 - 252 :  : name_index=253 signature_index=60
 - 253 :  : 'getStr_in_id'
 - 254 :  : klass_index=62 name_and_type_index=255
 - 255 :  : name_index=256 signature_index=30
 - 256 :  : 'setStr_in_name'
 - 257 :  : klass_index=224 name_and_type_index=258
 - 258 :  : name_index=259 signature_index=260
 - 259 :  : 'hasNext'
 - 260 :  : '()Z'
 - 261 :  : 'page'
 - 262 :  : 'Lcom/mawujun/utils/page/Page;'
 - 263 :  : 'stores'
 - 264 :  : 'Ljava/util/List;'
 - 265 :  : 'results'
 - 266 :  : 'list'
 - 267 :  : 'repairVO'
 - 268 :  : 'store'
 - 269 :  : 'Lcom/mawujun/baseinfo/Store;'
 - 270 :  : 'LocalVariableTypeTable'
 - 271 :  : 'Ljava/util/List<Lcom/mawujun/baseinfo/Store;>;'
 - 272 :  : 'Ljava/util/List<Lcom/mawujun/repair/RepairVO;>;'
 - 273 :  : 'repairInStore'
 - 274 :  : "rpa_in_oper_id" {0xfa74d520}
 - 275 :  : 'rpa_in_oper_id'
 - 276 :  : "rpa_in_date" {0xfa74d590}
 - 277 :  : 'rpa_in_date'
 - 278 :  : klass_index=166 name_and_type_index=279
 - 279 :  : name_index=280 signature_index=170
 - 280 :  : 'Two'
 - 281 :  : "id" {0xa367e620}
 - 282 :  : klass_index=126 name_and_type_index=75
 - 283 :  : klass_index=44 name_and_type_index=136
 - 284 :  : klass_index=1 name_and_type_index=285
 - 285 :  : name_index=11 signature_index=12
 - 286 :  : klass_index=126 name_and_type_index=233
 - 287 :  : "num-1" {0xf32b06f0}
 - 288 :  : 'num-1'
 - 289 :  : klass_index=290 name_and_type_index=292
 - 290 :  : 'com/mawujun/install/StoreEquipmentRepository' {0x9fc0fd90}
 - 291 :  : 'com/mawujun/install/StoreEquipmentRepository'
 - 292 :  : name_index=293 signature_index=294
 - 293 :  : 'updateNum'
 - 294 :  : '(Ljava/lang/String;Ljava/lang/String;Ljava/lang/String;)V'
 - 295 :  : klass_index=107 name_and_type_index=296
 - 296 :  : name_index=297 signature_index=298
 - 297 :  : 'count'
 - 298 :  : '([Ljava/lang/String;)Lcom/mawujun/repository/cnd/Cnd;'
 - 299 :  : "inStore_id" {0xfa8439c0}
 - 300 :  : 'inStore_id'
 - 301 :  : klass_index=126 name_and_type_index=246
 - 302 :  : klass_index=290 name_and_type_index=303
 - 303 :  : name_index=304 signature_index=305
 - 304 :  : 'queryCount'
 - 305 :  : '(Lcom/mawujun/repository/cnd/Cnd;)Ljava/lang/Long;'
 - 306 :  : klass_index=307 name_and_type_index=309
 - 307 :  : 'java/lang/Long'
 - 308 :  : 'java/lang/Long'
 - 309 :  : name_index=310 signature_index=311
 - 310 :  : 'longValue'
 - 311 :  : '()J'
 - 312 :  : "num+1" {0xf45618b8}
 - 313 :  : 'num+1'
 - 314 :  : 'com/mawujun/install/StoreEquipment'
 - 315 :  : 'com/mawujun/install/StoreEquipment'
 - 316 :  : klass_index=314 name_and_type_index=23
 - 317 :  : klass_index=314 name_and_type_index=318
 - 318 :  : name_index=319 signature_index=30
 - 319 :  : 'setStore_id'
 - 320 :  : klass_index=314 name_and_type_index=321
 - 321 :  : name_index=322 signature_index=30
 - 322 :  : 'setEcode'
 - 323 :  : klass_index=314 name_and_type_index=324
 - 324 :  : name_index=325 signature_index=178
 - 325 :  : 'setNum'
 - 326 :  : klass_index=290 name_and_type_index=186
 - 327 :  : 'Ljava/lang/Long;'
 - 328 :  : 'storeEquipment'
 - 329 :  : 'Lcom/mawujun/install/StoreEquipment;'
 - 330 :  : 'repairOutStore'
 - 331 :  : "rpa_out_oper_id" {0xfa74d448}
 - 332 :  : 'rpa_out_oper_id'
 - 333 :  : "rpa_out_date" {0xfa74d4b8}
 - 334 :  : 'rpa_out_date'
 - 335 :  : klass_index=166 name_and_type_index=336
 - 336 :  : name_index=337 signature_index=170
 - 337 :  : 'Three'
 - 338 :  : 'storeInStore'
 - 339 :  : "str_in_oper_id" {0xfa74d218}
 - 340 :  : 'str_in_oper_id'
 - 341 :  : "str_in_date" {0xfa74d2f0}
 - 342 :  : 'str_in_date'
 - 343 :  : klass_index=166 name_and_type_index=344
 - 344 :  : name_index=345 signature_index=170
 - 345 :  : 'Four'
 - 346 :  : "num=1" {0xf45618f0}
 - 347 :  : 'num=1'
 - 348 :  : '()Lcom/mawujun/repository1/IRepository;'
 - 349 :  : klass_index=1 name_and_type_index=350
 - 350 :  : name_index=37 signature_index=38
 - 351 :  : 'SourceFile'
 - 352 :  : 'RepairService.java'
 - 353 :  : 'Signature'
 - 354 :  : 'Lcom/mawujun/service/AbstractService<Lcom/mawujun/repair/Repair;Ljava/lang/String;>;'
 - 355 :  : 'Lorg/springframework/stereotype/Service;'
 - 356 :  : 'Lorg/springframework/transaction/annotation/Transactional;'
 - 357 :  : 'propagation'
 - 358 :  : 'Lorg/springframework/transaction/annotation/Propagation;'
 - 359 :  : 'REQUIRED'
 - 360 :  : klass_index=126 name_and_type_index=252
 - 361 :  : "str_in_id" {0xfa74d288}
 - 362 :  : 'str_in_id'
 - 363 :  : "str_in_id" {0xfa74d288}
 - 364 :  : "str_in_id" {0xfa74d288}

R11=0x0000000011fbcde8 is pointing into the stack for thread: 0x000000000da8d800
R12=0x0000000000000000 is an unknown value
R13=0x000000000cac6140 is an unknown value
R14=0x000000000ce8dd00 is an unknown value
R15=0x00000000000000b6 is an unknown value


Stack: [0x0000000011ec0000,0x0000000011fc0000],  sp=0x0000000011fbcc40,  free space=1011k
Native frames: (J=compiled Java code, j=interpreted, Vv=VM code, C=native code)
V  [jvm.dll+0x1e8746]

Java frames: (J=compiled Java code, j=interpreted, Vv=VM code)
j  com.mawujun.repair.RepairService.storeInStore([Lcom/mawujun/repair/Repair;)V+128
j  com.mawujun.repair.RepairService$$FastClassByCGLIB$$522c60f1.invoke(ILjava/lang/Object;[Ljava/lang/Object;)Ljava/lang/Object;+214
j  org.springframework.cglib.proxy.MethodProxy.invoke(Ljava/lang/Object;[Ljava/lang/Object;)Ljava/lang/Object;+19
j  org.springframework.aop.framework.CglibAopProxy$CglibMethodInvocation.invokeJoinpoint()Ljava/lang/Object;+24
j  org.springframework.aop.framework.ReflectiveMethodInvocation.proceed()Ljava/lang/Object;+19
j  org.springframework.transaction.interceptor.TransactionInterceptor$1.proceedWithInvocation()Ljava/lang/Object;+4
j  org.springframework.transaction.interceptor.TransactionAspectSupport.invokeWithinTransaction(Ljava/lang/reflect/Method;Ljava/lang/Class;Lorg/springframework/transaction/interceptor/TransactionAspectSupport$InvocationCallback;)Ljava/lang/Object;+58
j  org.springframework.transaction.interceptor.TransactionInterceptor.invoke(Lorg/aopalliance/intercept/MethodInvocation;)Ljava/lang/Object;+40
j  org.springframework.aop.framework.ReflectiveMethodInvocation.proceed()Ljava/lang/Object;+101
j  org.springframework.aop.framework.CglibAopProxy$DynamicAdvisedInterceptor.intercept(Ljava/lang/Object;Ljava/lang/reflect/Method;[Ljava/lang/Object;Lorg/springframework/cglib/proxy/MethodProxy;)Ljava/lang/Object;+112
j  com.mawujun.repair.RepairService$$EnhancerByCGLIB$$a7d0d802.storeInStore([Lcom/mawujun/repair/Repair;)V+36
j  com.mawujun.repair.RepairController.storeInStore([Lcom/mawujun/repair/Repair;)Ljava/lang/String;+5
v  ~StubRoutines::call_stub
j  sun.reflect.NativeMethodAccessorImpl.invoke0(Ljava/lang/reflect/Method;Ljava/lang/Object;[Ljava/lang/Object;)Ljava/lang/Object;+0
j  sun.reflect.NativeMethodAccessorImpl.invoke(Ljava/lang/Object;[Ljava/lang/Object;)Ljava/lang/Object;+87
J  sun.reflect.DelegatingMethodAccessorImpl.invoke(Ljava/lang/Object;[Ljava/lang/Object;)Ljava/lang/Object;
j  java.lang.reflect.Method.invoke(Ljava/lang/Object;[Ljava/lang/Object;)Ljava/lang/Object;+57
j  org.springframework.web.method.support.InvocableHandlerMethod.invoke([Ljava/lang/Object;)Ljava/lang/Object;+16
j  org.springframework.web.method.support.InvocableHandlerMethod.invokeForRequest(Lorg/springframework/web/context/request/NativeWebRequest;Lorg/springframework/web/method/support/ModelAndViewContainer;[Ljava/lang/Object;)Ljava/lang/Object;+96
j  org.springframework.web.servlet.mvc.method.annotation.ServletInvocableHandlerMethod.invokeAndHandle(Lorg/springframework/web/context/request/ServletWebRequest;Lorg/springframework/web/method/support/ModelAndViewContainer;[Ljava/lang/Object;)V+4
j  org.springframework.web.servlet.mvc.method.annotation.RequestMappingHandlerAdapter.invokeHandleMethod(Ljavax/servlet/http/HttpServletRequest;Ljavax/servlet/http/HttpServletResponse;Lorg/springframework/web/method/HandlerMethod;)Lorg/springframework/web/servlet/ModelAndView;+230
j  org.springframework.web.servlet.mvc.method.annotation.RequestMappingHandlerAdapter.handleInternal(Ljavax/servlet/http/HttpServletRequest;Ljavax/servlet/http/HttpServletResponse;Lorg/springframework/web/method/HandlerMethod;)Lorg/springframework/web/servlet/ModelAndView;+89
j  org.springframework.web.servlet.mvc.method.AbstractHandlerMethodAdapter.handle(Ljavax/servlet/http/HttpServletRequest;Ljavax/servlet/http/HttpServletResponse;Ljava/lang/Object;)Lorg/springframework/web/servlet/ModelAndView;+7
j  org.springframework.web.servlet.DispatcherServlet.doDispatch(Ljavax/servlet/http/HttpServletRequest;Ljavax/servlet/http/HttpServletResponse;)V+304
j  org.springframework.web.servlet.DispatcherServlet.doService(Ljavax/servlet/http/HttpServletRequest;Ljavax/servlet/http/HttpServletResponse;)V+319
j  org.springframework.web.servlet.FrameworkServlet.processRequest(Ljavax/servlet/http/HttpServletRequest;Ljavax/servlet/http/HttpServletResponse;)V+71
j  org.springframework.web.servlet.FrameworkServlet.doPost(Ljavax/servlet/http/HttpServletRequest;Ljavax/servlet/http/HttpServletResponse;)V+3
j  javax.servlet.http.HttpServlet.service(Ljavax/servlet/http/HttpServletRequest;Ljavax/servlet/http/HttpServletResponse;)V+139
j  org.springframework.web.servlet.FrameworkServlet.service(Ljavax/servlet/http/HttpServletRequest;Ljavax/servlet/http/HttpServletResponse;)V+32
j  javax.servlet.http.HttpServlet.service(Ljavax/servlet/ServletRequest;Ljavax/servlet/ServletResponse;)V+30
j  org.apache.catalina.core.ApplicationFilterChain.internalDoFilter(Ljavax/servlet/ServletRequest;Ljavax/servlet/ServletResponse;)V+376
j  org.apache.catalina.core.ApplicationFilterChain.doFilter(Ljavax/servlet/ServletRequest;Ljavax/servlet/ServletResponse;)V+101
j  com.mawujun.controller.spring.mvc.SetCharacterEncodingFilter.doFilter(Ljavax/servlet/ServletRequest;Ljavax/servlet/ServletResponse;Ljavax/servlet/FilterChain;)V+47
j  org.apache.catalina.core.ApplicationFilterChain.internalDoFilter(Ljavax/servlet/ServletRequest;Ljavax/servlet/ServletResponse;)V+119
j  org.apache.catalina.core.ApplicationFilterChain.doFilter(Ljavax/servlet/ServletRequest;Ljavax/servlet/ServletResponse;)V+101
j  org.apache.shiro.web.servlet.ProxiedFilterChain.doFilter(Ljavax/servlet/ServletRequest;Ljavax/servlet/ServletResponse;)V+50
j  org.apache.shiro.web.servlet.AdviceFilter.executeChain(Ljavax/servlet/ServletRequest;Ljavax/servlet/ServletResponse;Ljavax/servlet/FilterChain;)V+3
j  org.apache.shiro.web.servlet.AdviceFilter.doFilterInternal(Ljavax/servlet/ServletRequest;Ljavax/servlet/ServletResponse;Ljavax/servlet/FilterChain;)V+64
j  org.apache.shiro.web.servlet.OncePerRequestFilter.doFilter(Ljavax/servlet/ServletRequest;Ljavax/servlet/ServletResponse;Ljavax/servlet/FilterChain;)V+113
j  org.apache.shiro.web.servlet.ProxiedFilterChain.doFilter(Ljavax/servlet/ServletRequest;Ljavax/servlet/ServletResponse;)V+130
j  org.apache.shiro.web.servlet.AbstractShiroFilter.executeChain(Ljavax/servlet/ServletRequest;Ljavax/servlet/ServletResponse;Ljavax/servlet/FilterChain;)V+13
j  org.apache.shiro.web.servlet.AbstractShiroFilter$1.call()Ljava/lang/Object;+31
j  org.apache.shiro.subject.support.SubjectCallable.doCall(Ljava/util/concurrent/Callable;)Ljava/lang/Object;+1
j  org.apache.shiro.subject.support.SubjectCallable.call()Ljava/lang/Object;+14
j  org.apache.shiro.subject.support.DelegatingSubject.execute(Ljava/util/concurrent/Callable;)Ljava/lang/Object;+7
j  org.apache.shiro.web.servlet.AbstractShiroFilter.doFilterInternal(Ljavax/servlet/ServletRequest;Ljavax/servlet/ServletResponse;Ljavax/servlet/FilterChain;)V+47
j  org.apache.shiro.web.servlet.OncePerRequestFilter.doFilter(Ljavax/servlet/ServletRequest;Ljavax/servlet/ServletResponse;Ljavax/servlet/FilterChain;)V+113
j  org.springframework.web.filter.DelegatingFilterProxy.invokeDelegate(Ljavax/servlet/Filter;Ljavax/servlet/ServletRequest;Ljavax/servlet/ServletResponse;Ljavax/servlet/FilterChain;)V+5
j  org.springframework.web.filter.DelegatingFilterProxy.doFilter(Ljavax/servlet/ServletRequest;Ljavax/servlet/ServletResponse;Ljavax/servlet/FilterChain;)V+83
j  org.apache.catalina.core.ApplicationFilterChain.internalDoFilter(Ljavax/servlet/ServletRequest;Ljavax/servlet/ServletResponse;)V+119
j  org.apache.catalina.core.ApplicationFilterChain.doFilter(Ljavax/servlet/ServletRequest;Ljavax/servlet/ServletResponse;)V+101
j  org.apache.catalina.core.StandardWrapperValve.invoke(Lorg/apache/catalina/connector/Request;Lorg/apache/catalina/connector/Response;)V+804
j  org.apache.catalina.core.StandardContextValve.invoke(Lorg/apache/catalina/connector/Request;Lorg/apache/catalina/connector/Response;)V+365
j  org.apache.catalina.core.StandardHostValve.invoke(Lorg/apache/catalina/connector/Request;Lorg/apache/catalina/connector/Response;)V+64
j  org.apache.catalina.valves.ErrorReportValve.invoke(Lorg/apache/catalina/connector/Request;Lorg/apache/catalina/connector/Response;)V+6
j  org.apache.catalina.core.StandardEngineValve.invoke(Lorg/apache/catalina/connector/Request;Lorg/apache/catalina/connector/Response;)V+42
j  org.apache.catalina.connector.CoyoteAdapter.service(Lorg/apache/coyote/Request;Lorg/apache/coyote/Response;)V+158
j  org.apache.coyote.http11.Http11Processor.process(Ljava/net/Socket;)V+531
j  org.apache.coyote.http11.Http11Protocol$Http11ConnectionHandler.process(Ljava/net/Socket;)Z+82
j  org.apache.tomcat.util.net.JIoEndpoint$Worker.run()V+41
j  java.lang.Thread.run()V+11
v  ~StubRoutines::call_stub

---------------  P R O C E S S  ---------------

Java Threads: ( => current thread )
  0x000000000da8e000 JavaThread "http-8084-6" daemon [_thread_in_native, id=7252, stack(0x0000000011dc0000,0x0000000011ec0000)]
=>0x000000000da8d800 JavaThread "http-8084-5" daemon [_thread_in_vm, id=8056, stack(0x0000000011ec0000,0x0000000011fc0000)]
  0x000000000da8c800 JavaThread "http-8084-4" daemon [_thread_in_native, id=7472, stack(0x0000000010010000,0x0000000010110000)]
  0x000000000f602800 JavaThread "http-8084-3" daemon [_thread_in_native, id=6332, stack(0x0000000011c00000,0x0000000011d00000)]
  0x000000000e76d000 JavaThread "http-8084-2" daemon [_thread_in_native, id=8136, stack(0x000000000c160000,0x000000000c260000)]
  0x000000000d5a8800 JavaThread "http-8084-1" daemon [_thread_in_native, id=7400, stack(0x0000000011a20000,0x0000000011b20000)]
  0x000000000dedf800 JavaThread "http-8084-Acceptor-0" daemon [_thread_in_native, id=4768, stack(0x0000000010620000,0x0000000010720000)]
  0x000000000b137800 JavaThread "ContainerBackgroundProcessor[StandardEngine[localEngine-8084]]" daemon [_thread_blocked, id=5728, stack(0x0000000010440000,0x0000000010540000)]
  0x000000000ccf6800 JavaThread "org%002eapache%002eshiro%002erealm%002etext%002e%0050roperties%0052ealm-0-accounts.data" [_thread_blocked, id=7244, stack(0x00000000102b0000,0x00000000103b0000)]
  0x000000000d4fc000 JavaThread "Statistics Thread-__DEFAULT__-1" daemon [_thread_blocked, id=6532, stack(0x0000000010160000,0x0000000010260000)]
  0x000000000dd21800 JavaThread "shiro-active%0053ession%0043ache.data" [_thread_blocked, id=7708, stack(0x000000000ec20000,0x000000000ed20000)]
  0x000000000cfcc000 JavaThread "__DEFAULT__" daemon [_thread_blocked, id=3352, stack(0x000000000ff00000,0x0000000010000000)]
  0x000000000d11b800 JavaThread "Timer-0" daemon [_thread_blocked, id=7524, stack(0x000000000bcb0000,0x000000000bdb0000)]
  0x000000000b079000 JavaThread "Service Thread" daemon [_thread_blocked, id=4588, stack(0x000000000c050000,0x000000000c150000)]
  0x000000000b074000 JavaThread "C2 CompilerThread1" daemon [_thread_blocked, id=7792, stack(0x000000000bf30000,0x000000000c030000)]
  0x000000000b07c000 JavaThread "C2 CompilerThread0" daemon [_thread_blocked, id=7916, stack(0x000000000bdd0000,0x000000000bed0000)]
  0x000000000b063000 JavaThread "JDWP Command Reader" daemon [_thread_in_native, id=7828, stack(0x000000000bbb0000,0x000000000bcb0000)]
  0x000000000b062800 JavaThread "JDWP Event Helper Thread" daemon [_thread_blocked, id=7976, stack(0x000000000ba90000,0x000000000bb90000)]
  0x000000000b056000 JavaThread "JDWP Transport Listener: dt_socket" daemon [_thread_blocked, id=7920, stack(0x000000000b920000,0x000000000ba20000)]
  0x00000000098bb000 JavaThread "Attach Listener" daemon [_thread_blocked, id=7932, stack(0x000000000af50000,0x000000000b050000)]
  0x00000000098b3800 JavaThread "Signal Dispatcher" daemon [_thread_blocked, id=1008, stack(0x000000000ad60000,0x000000000ae60000)]
  0x0000000009846000 JavaThread "Finalizer" daemon [_thread_blocked, id=6256, stack(0x000000000abf0000,0x000000000acf0000)]
  0x000000000983d000 JavaThread "Reference Handler" daemon [_thread_blocked, id=6980, stack(0x000000000aa20000,0x000000000ab20000)]
  0x000000000246f800 JavaThread "main" [_thread_blocked, id=4848, stack(0x0000000002530000,0x0000000002630000)]

Other Threads:
  0x0000000009839800 VMThread [stack: 0x000000000a910000,0x000000000aa10000] [id=7420]
  0x000000000b09a000 WatcherThread [stack: 0x000000000c2b0000,0x000000000c3b0000] [id=6572]

VM state:not at safepoint (normal execution)

VM Mutex/Monitor currently owned by a thread: None

Heap
 PSYoungGen      total 414720K, used 341725K [0x00000000e0b00000, 0x00000000fb900000, 0x0000000100000000)
  eden space 393728K, 82% used [0x00000000e0b00000,0x00000000f4892648,0x00000000f8b80000)
  from space 20992K, 78% used [0x00000000fa180000,0x00000000fb1a4ff0,0x00000000fb600000)
  to   space 22528K, 0% used [0x00000000f8b80000,0x00000000f8b80000,0x00000000fa180000)
 ParOldGen       total 64000K, used 29172K [0x00000000a2200000, 0x00000000a6080000, 0x00000000e0b00000)
  object space 64000K, 45% used [0x00000000a2200000,0x00000000a3e7d320,0x00000000a6080000)
 PSPermGen       total 66048K, used 65950K [0x000000009d000000, 0x00000000a1080000, 0x00000000a2200000)
  object space 66048K, 99% used [0x000000009d000000,0x00000000a1067a38,0x00000000a1080000)

Card table byte_map: [0x00000000056e0000,0x0000000005a00000] byte_map_base: 0x00000000051f8000

Polling page: 0x0000000000420000

Code Cache  [0x00000000026e0000, 0x0000000002b30000, 0x00000000056e0000)
 total_blobs=1550 nmethods=1003 adapters=507 free_code_cache=45217Kb largest_free_block=45856512

Compilation events (10 events):
Event: 2702.724 Thread 0x000000000b07c000 1125             org.apache.coyote.http11.InternalInputBuffer::parseRequestLine (813 bytes)
Event: 2702.733 Thread 0x000000000b074000 1126             org.apache.tomcat.util.buf.CharChunk::recycle (16 bytes)
Event: 2702.734 Thread 0x000000000b074000 nmethod 1126 0x000000000281dcd0 code [0x000000000281de00, 0x000000000281de58]
Event: 2702.775 Thread 0x000000000b07c000 nmethod 1125 0x000000000287c950 code [0x000000000287cc80, 0x000000000287e6d0]
Event: 2703.201 Thread 0x000000000b074000 1127             org.apache.tomcat.util.buf.ByteChunk::recycle (21 bytes)
Event: 2703.202 Thread 0x000000000b074000 nmethod 1127 0x0000000002822c90 code [0x0000000002822dc0, 0x0000000002822e18]
Event: 2707.784 Thread 0x000000000b074000 1128             org.apache.tomcat.util.buf.MessageBytes::recycle (55 bytes)
Event: 2707.786 Thread 0x000000000b074000 nmethod 1128 0x0000000002780050 code [0x00000000027801a0, 0x0000000002780298]
Event: 2708.676 Thread 0x000000000b074000 1129             org.apache.tomcat.util.http.Cookies::getTokenEndPosition (55 bytes)
Event: 2708.683 Thread 0x000000000b074000 nmethod 1129 0x000000000288b3d0 code [0x000000000288b520, 0x000000000288b778]

GC Heap History (10 events):
Event: 6.376 GC heap before
{Heap before GC invocations=4 (full 0):
 PSYoungGen      total 53760K, used 53752K [0x00000000e0b00000, 0x00000000e7400000, 0x0000000100000000)
  eden space 50176K, 100% used [0x00000000e0b00000,0x00000000e3c00000,0x00000000e3c00000)
  from space 3584K, 99% used [0x00000000e3c00000,0x00000000e3f7e010,0x00000000e3f80000)
  to   space 3584K, 0% used [0x00000000e7080000,0x00000000e7080000,0x00000000e7400000)
 ParOldGen       total 64000K, used 7908K [0x00000000a2200000, 0x00000000a6080000, 0x00000000e0b00000)
  object space 64000K, 12% used [0x00000000a2200000,0x00000000a29b91c8,0x00000000a6080000)
 PSPermGen       total 21504K, used 14384K [0x000000009d000000, 0x000000009e500000, 0x00000000a2200000)
  object space 21504K, 66% used [0x000000009d000000,0x000000009de0c350,0x000000009e500000)
Event: 6.405 GC heap after
Heap after GC invocations=4 (full 0):
 PSYoungGen      total 103936K, used 3552K [0x00000000e0b00000, 0x00000000e7400000, 0x0000000100000000)
  eden space 100352K, 0% used [0x00000000e0b00000,0x00000000e0b00000,0x00000000e6d00000)
  from space 3584K, 99% used [0x00000000e7080000,0x00000000e73f8020,0x00000000e7400000)
  to   space 3584K, 0% used [0x00000000e6d00000,0x00000000e6d00000,0x00000000e7080000)
 ParOldGen       total 64000K, used 11594K [0x00000000a2200000, 0x00000000a6080000, 0x00000000e0b00000)
  object space 64000K, 18% used [0x00000000a2200000,0x00000000a2d52810,0x00000000a6080000)
 PSPermGen       total 21504K, used 14384K [0x000000009d000000, 0x000000009e500000, 0x00000000a2200000)
  object space 21504K, 66% used [0x000000009d000000,0x000000009de0c350,0x000000009e500000)
}
Event: 9.054 GC heap before
{Heap before GC invocations=5 (full 0):
 PSYoungGen      total 103936K, used 103904K [0x00000000e0b00000, 0x00000000e7400000, 0x0000000100000000)
  eden space 100352K, 100% used [0x00000000e0b00000,0x00000000e6d00000,0x00000000e6d00000)
  from space 3584K, 99% used [0x00000000e7080000,0x00000000e73f8020,0x00000000e7400000)
  to   space 3584K, 0% used [0x00000000e6d00000,0x00000000e6d00000,0x00000000e7080000)
 ParOldGen       total 64000K, used 11594K [0x00000000a2200000, 0x00000000a6080000, 0x00000000e0b00000)
  object space 64000K, 18% used [0x00000000a2200000,0x00000000a2d52810,0x00000000a6080000)
 PSPermGen       total 21504K, used 19870K [0x000000009d000000, 0x000000009e500000, 0x00000000a2200000)
  object space 21504K, 92% used [0x000000009d000000,0x000000009e367990,0x000000009e500000)
Event: 9.076 GC heap after
Heap after GC invocations=5 (full 0):
 PSYoungGen      total 103936K, used 3584K [0x00000000e0b00000, 0x00000000ee600000, 0x0000000100000000)
  eden space 100352K, 0% used [0x00000000e0b00000,0x00000000e0b00000,0x00000000e6d00000)
  from space 3584K, 100% used [0x00000000e6d00000,0x00000000e7080000,0x00000000e7080000)
  to   space 11776K, 0% used [0x00000000eda80000,0x00000000eda80000,0x00000000ee600000)
 ParOldGen       total 64000K, used 18905K [0x00000000a2200000, 0x00000000a6080000, 0x00000000e0b00000)
  object space 64000K, 29% used [0x00000000a2200000,0x00000000a3476578,0x00000000a6080000)
 PSPermGen       total 21504K, used 19870K [0x000000009d000000, 0x000000009e500000, 0x00000000a2200000)
  object space 21504K, 92% used [0x000000009d000000,0x000000009e367990,0x000000009e500000)
}
Event: 12.230 GC heap before
{Heap before GC invocations=6 (full 0):
 PSYoungGen      total 103936K, used 103936K [0x00000000e0b00000, 0x00000000ee600000, 0x0000000100000000)
  eden space 100352K, 100% used [0x00000000e0b00000,0x00000000e6d00000,0x00000000e6d00000)
  from space 3584K, 100% used [0x00000000e6d00000,0x00000000e7080000,0x00000000e7080000)
  to   space 11776K, 0% used [0x00000000eda80000,0x00000000eda80000,0x00000000ee600000)
 ParOldGen       total 64000K, used 18905K [0x00000000a2200000, 0x00000000a6080000, 0x00000000e0b00000)
  object space 64000K, 29% used [0x00000000a2200000,0x00000000a3476578,0x00000000a6080000)
 PSPermGen       total 28160K, used 27820K [0x000000009d000000, 0x000000009eb80000, 0x00000000a2200000)
  object space 28160K, 98% used [0x000000009d000000,0x000000009eb2b2e8,0x000000009eb80000)
Event: 12.260 GC heap after
Heap after GC invocations=6 (full 0):
 PSYoungGen      total 209408K, used 11763K [0x00000000e0b00000, 0x00000000eec00000, 0x0000000100000000)
  eden space 197632K, 0% used [0x00000000e0b00000,0x00000000e0b00000,0x00000000ecc00000)
  from space 11776K, 99% used [0x00000000eda80000,0x00000000ee5fcf28,0x00000000ee600000)
  to   space 14848K, 0% used [0x00000000ecc00000,0x00000000ecc00000,0x00000000eda80000)
 ParOldGen       total 64000K, used 20675K [0x00000000a2200000, 0x00000000a6080000, 0x00000000e0b00000)
  object space 64000K, 32% used [0x00000000a2200000,0x00000000a3630e30,0x00000000a6080000)
 PSPermGen       total 28160K, used 27820K [0x000000009d000000, 0x000000009eb80000, 0x00000000a2200000)
  object space 28160K, 98% used [0x000000009d000000,0x000000009eb2b2e8,0x000000009eb80000)
}
Event: 18.143 GC heap before
{Heap before GC invocations=7 (full 0):
 PSYoungGen      total 209408K, used 209395K [0x00000000e0b00000, 0x00000000eec00000, 0x0000000100000000)
  eden space 197632K, 100% used [0x00000000e0b00000,0x00000000ecc00000,0x00000000ecc00000)
  from space 11776K, 99% used [0x00000000eda80000,0x00000000ee5fcf28,0x00000000ee600000)
  to   space 14848K, 0% used [0x00000000ecc00000,0x00000000ecc00000,0x00000000eda80000)
 ParOldGen       total 64000K, used 20675K [0x00000000a2200000, 0x00000000a6080000, 0x00000000e0b00000)
  object space 64000K, 32% used [0x00000000a2200000,0x00000000a3630e30,0x00000000a6080000)
 PSPermGen       total 40448K, used 40092K [0x000000009d000000, 0x000000009f780000, 0x00000000a2200000)
  object space 40448K, 99% used [0x000000009d000000,0x000000009f7270c8,0x000000009f780000)
Event: 18.193 GC heap after
Heap after GC invocations=7 (full 0):
 PSYoungGen      total 212480K, used 14844K [0x00000000e0b00000, 0x00000000fb600000, 0x0000000100000000)
  eden space 197632K, 0% used [0x00000000e0b00000,0x00000000e0b00000,0x00000000ecc00000)
  from space 14848K, 99% used [0x00000000ecc00000,0x00000000eda7f3b8,0x00000000eda80000)
  to   space 20992K, 0% used [0x00000000fa180000,0x00000000fa180000,0x00000000fb600000)
 ParOldGen       total 64000K, used 28042K [0x00000000a2200000, 0x00000000a6080000, 0x00000000e0b00000)
  object space 64000K, 43% used [0x00000000a2200000,0x00000000a3d62b10,0x00000000a6080000)
 PSPermGen       total 40448K, used 40092K [0x000000009d000000, 0x000000009f780000, 0x00000000a2200000)
  object space 40448K, 99% used [0x000000009d000000,0x000000009f7270c8,0x000000009f780000)
}
Event: 23.231 GC heap before
{Heap before GC invocations=8 (full 0):
 PSYoungGen      total 212480K, used 212476K [0x00000000e0b00000, 0x00000000fb600000, 0x0000000100000000)
  eden space 197632K, 100% used [0x00000000e0b00000,0x00000000ecc00000,0x00000000ecc00000)
  from space 14848K, 99% used [0x00000000ecc00000,0x00000000eda7f3b8,0x00000000eda80000)
  to   space 20992K, 0% used [0x00000000fa180000,0x00000000fa180000,0x00000000fb600000)
 ParOldGen       total 64000K, used 28042K [0x00000000a2200000, 0x00000000a6080000, 0x00000000e0b00000)
  object space 64000K, 43% used [0x00000000a2200000,0x00000000a3d62b10,0x00000000a6080000)
 PSPermGen       total 48640K, used 48233K [0x000000009d000000, 0x000000009ff80000, 0x00000000a2200000)
  object space 48640K, 99% used [0x000000009d000000,0x000000009ff1a690,0x000000009ff80000)
Event: 23.276 GC heap after
Heap after GC invocations=8 (full 0):
 PSYoungGen      total 414720K, used 16531K [0x00000000e0b00000, 0x00000000fb900000, 0x0000000100000000)
  eden space 393728K, 0% used [0x00000000e0b00000,0x00000000e0b00000,0x00000000f8b80000)
  from space 20992K, 78% used [0x00000000fa180000,0x00000000fb1a4ff0,0x00000000fb600000)
  to   space 22528K, 0% used [0x00000000f8b80000,0x00000000f8b80000,0x00000000fa180000)
 ParOldGen       total 64000K, used 29172K [0x00000000a2200000, 0x00000000a6080000, 0x00000000e0b00000)
  object space 64000K, 45% used [0x00000000a2200000,0x00000000a3e7d320,0x00000000a6080000)
 PSPermGen       total 48640K, used 48233K [0x000000009d000000, 0x000000009ff80000, 0x00000000a2200000)
  object space 48640K, 99% used [0x000000009d000000,0x000000009ff1a690,0x000000009ff80000)
}

Deoptimization events (10 events):
Event: 2607.955 Thread 0x000000000da8d800 Uncommon trap: reason=unhandled action=none pc=0x0000000002971324 method=java.net.URLClassLoader$1.run()Ljava/lang/Class; @ 72
Event: 2607.955 Thread 0x000000000da8d800 Uncommon trap: reason=unhandled action=none pc=0x0000000002971324 method=java.net.URLClassLoader$1.run()Ljava/lang/Class; @ 72
Event: 2607.955 Thread 0x000000000da8d800 Uncommon trap: reason=unhandled action=none pc=0x0000000002971324 method=java.net.URLClassLoader$1.run()Ljava/lang/Class; @ 72
Event: 2607.955 Thread 0x000000000da8d800 Uncommon trap: reason=unhandled action=none pc=0x0000000002971324 method=java.net.URLClassLoader$1.run()Ljava/lang/Class; @ 72
Event: 2607.956 Thread 0x000000000da8d800 Uncommon trap: reason=unhandled action=none pc=0x0000000002971324 method=java.net.URLClassLoader$1.run()Ljava/lang/Class; @ 72
Event: 2607.956 Thread 0x000000000da8d800 Uncommon trap: reason=unhandled action=none pc=0x0000000002971324 method=java.net.URLClassLoader$1.run()Ljava/lang/Class; @ 72
Event: 2607.956 Thread 0x000000000da8d800 Uncommon trap: reason=unhandled action=none pc=0x0000000002971324 method=java.net.URLClassLoader$1.run()Ljava/lang/Class; @ 72
Event: 2607.956 Thread 0x000000000da8d800 Uncommon trap: reason=unhandled action=none pc=0x0000000002971324 method=java.net.URLClassLoader$1.run()Ljava/lang/Class; @ 72
Event: 2708.672 Thread 0x000000000d5a8800 Uncommon trap: reason=unreached action=reinterpret pc=0x000000000295ffb8 method=java.util.concurrent.locks.ReentrantLock$Sync.nonfairTryAcquire(I)Z @ 34
Event: 2710.421 Thread 0x000000000da8d800 Uncommon trap: reason=unreached action=reinterpret pc=0x000000000299f704 method=java.util.concurrent.locks.ReentrantLock$Sync.nonfairTryAcquire(I)Z @ 34

Internal exceptions (10 events):
Event: 2607.955 Thread 0x000000000da8d800 Threw 0x00000000f436c550 at C:\re\jdk7u45\229\hotspot\src\share\vm\prims\jvm.cpp:1244
Event: 2607.955 Thread 0x000000000da8d800 Threw 0x00000000f436ccc0 at C:\re\jdk7u45\229\hotspot\src\share\vm\prims\jvm.cpp:1244
Event: 2607.955 Thread 0x000000000da8d800 Threw 0x00000000f436d560 at C:\re\jdk7u45\229\hotspot\src\share\vm\prims\jvm.cpp:1244
Event: 2607.955 Thread 0x000000000da8d800 Threw 0x00000000f436e198 at C:\re\jdk7u45\229\hotspot\src\share\vm\prims\jvm.cpp:1244
Event: 2607.955 Thread 0x000000000da8d800 Threw 0x00000000f436e838 at C:\re\jdk7u45\229\hotspot\src\share\vm\prims\jvm.cpp:1244
Event: 2607.955 Thread 0x000000000da8d800 Threw 0x00000000f4375ab0 at C:\re\jdk7u45\229\hotspot\src\share\vm\prims\jvm.cpp:1244
Event: 2607.956 Thread 0x000000000da8d800 Threw 0x00000000f43769f8 at C:\re\jdk7u45\229\hotspot\src\share\vm\prims\jvm.cpp:1244
Event: 2607.956 Thread 0x000000000da8d800 Threw 0x00000000f437a8c8 at C:\re\jdk7u45\229\hotspot\src\share\vm\prims\jvm.cpp:1244
Event: 2607.956 Thread 0x000000000da8d800 Threw 0x00000000f437b038 at C:\re\jdk7u45\229\hotspot\src\share\vm\prims\jvm.cpp:1244
Event: 2607.956 Thread 0x000000000da8d800 Threw 0x00000000f437b8d8 at C:\re\jdk7u45\229\hotspot\src\share\vm\prims\jvm.cpp:1244

Events (10 events):
Event: 2702.776 Thread 0x000000000b07c000 flushing nmethod 0x000000000288b250
Event: 2708.672 Thread 0x000000000d5a8800 Uncommon trap: trap_request=0xffffffad fr.pc=0x000000000295ffb8
Event: 2708.672 Thread 0x000000000d5a8800 DEOPT PACKING pc=0x000000000295ffb8 sp=0x0000000011b1e470
Event: 2708.672 Thread 0x000000000d5a8800 DEOPT UNPACKING pc=0x0000000002719064 sp=0x0000000011b1e360 mode 2
Event: 2708.683 Thread 0x000000000b074000 flushing nmethod 0x000000000292b790
Event: 2710.421 Thread 0x000000000da8d800 Uncommon trap: trap_request=0xffffffad fr.pc=0x000000000299f704
Event: 2710.421 Thread 0x000000000da8d800 DEOPT PACKING pc=0x000000000299f704 sp=0x0000000011fbe360
Event: 2710.421 Thread 0x000000000da8d800 DEOPT UNPACKING pc=0x0000000002719064 sp=0x0000000011fbe298 mode 2
Event: 2724.803 Executing VM operation: BulkRevokeBias
Event: 2724.804 Executing VM operation: BulkRevokeBias done


Dynamic libraries:
0x000000013f180000 - 0x000000013f1b3000 	D:\Program Files\java\jdk1.7.0_45\bin\javaw.exe
0x00000000770d0000 - 0x0000000077279000 	C:\Windows\SYSTEM32\ntdll.dll
0x0000000076e70000 - 0x0000000076f8f000 	C:\Windows\system32\kernel32.dll
0x000007fefcfb0000 - 0x000007fefd01b000 	C:\Windows\system32\KERNELBASE.dll
0x000007fefeeb0000 - 0x000007fefef8b000 	C:\Windows\system32\ADVAPI32.dll
0x000007fefd2c0000 - 0x000007fefd35f000 	C:\Windows\system32\msvcrt.dll
0x000007fefd670000 - 0x000007fefd68f000 	C:\Windows\SYSTEM32\sechost.dll
0x000007fefe8d0000 - 0x000007fefe9fd000 	C:\Windows\system32\RPCRT4.dll
0x0000000076d70000 - 0x0000000076e6a000 	C:\Windows\system32\USER32.dll
0x000007fefe860000 - 0x000007fefe8c7000 	C:\Windows\system32\GDI32.dll
0x000007fefd8e0000 - 0x000007fefd8ee000 	C:\Windows\system32\LPK.dll
0x000007fefd770000 - 0x000007fefd839000 	C:\Windows\system32\USP10.dll
0x000007fefb4e0000 - 0x000007fefb6d4000 	C:\Windows\WinSxS\amd64_microsoft.windows.common-controls_6595b64144ccf1df_6.0.7601.17514_none_fa396087175ac9ac\COMCTL32.dll
0x000007fefeb90000 - 0x000007fefec01000 	C:\Windows\system32\SHLWAPI.dll
0x000007fefed00000 - 0x000007fefed2e000 	C:\Windows\system32\IMM32.DLL
0x000007fefd130000 - 0x000007fefd239000 	C:\Windows\system32\MSCTF.dll
0x000000006dd40000 - 0x000000006de12000 	D:\Program Files\java\jdk1.7.0_45\jre\bin\msvcr100.dll
0x0000000062ea0000 - 0x0000000063669000 	D:\Program Files\java\jdk1.7.0_45\jre\bin\server\jvm.dll
0x000007fef8bc0000 - 0x000007fef8bc9000 	C:\Windows\system32\WSOCK32.dll
0x000007fefecb0000 - 0x000007fefecfd000 	C:\Windows\system32\WS2_32.dll
0x000007fefef90000 - 0x000007fefef98000 	C:\Windows\system32\NSI.dll
0x000007fefceb0000 - 0x000007fefceeb000 	C:\Windows\system32\WINMM.dll
0x00000000772a0000 - 0x00000000772a7000 	C:\Windows\system32\PSAPI.DLL
0x0000000073ab0000 - 0x0000000073abf000 	D:\Program Files\java\jdk1.7.0_45\jre\bin\verify.dll
0x0000000070cf0000 - 0x0000000070d18000 	D:\Program Files\java\jdk1.7.0_45\jre\bin\java.dll
0x0000000070ae0000 - 0x0000000070b15000 	D:\Program Files\java\jdk1.7.0_45\jre\bin\jdwp.dll
0x00000000733e0000 - 0x00000000733e8000 	D:\Program Files\java\jdk1.7.0_45\jre\bin\npt.dll
0x0000000071aa0000 - 0x0000000071ab5000 	D:\Program Files\java\jdk1.7.0_45\jre\bin\zip.dll
0x0000000071e10000 - 0x0000000071e19000 	D:\Program Files\java\jdk1.7.0_45\jre\bin\dt_socket.dll
0x000007fef8b20000 - 0x000007fef8b46000 	C:\Program Files (x86)\Sangfor\SSL\ClientComponent\SangforNspX64.dll
0x000007feff1d0000 - 0x000007feff3d3000 	C:\Windows\system32\ole32.dll
0x000007fefd690000 - 0x000007fefd767000 	C:\Windows\system32\OLEAUT32.dll
0x000007fefac30000 - 0x000007fefac45000 	C:\Windows\system32\NLAapi.dll
0x000007fef7bb0000 - 0x000007fef7bc5000 	C:\Windows\system32\napinsp.dll
0x000007fef7b90000 - 0x000007fef7ba9000 	C:\Windows\system32\pnrpnsp.dll
0x000007fefc4b0000 - 0x000007fefc505000 	C:\Windows\System32\mswsock.dll
0x000007fefc330000 - 0x000007fefc38b000 	C:\Windows\system32\DNSAPI.dll
0x000007fef7b80000 - 0x000007fef7b8b000 	C:\Windows\System32\winrnr.dll
0x000007fef7b70000 - 0x000007fef7b80000 	C:\Windows\system32\wshbth.dll
0x000007fefa330000 - 0x000007fefa357000 	C:\Windows\system32\IPHLPAPI.DLL
0x000007fefa320000 - 0x000007fefa32b000 	C:\Windows\system32\WINNSI.DLL
0x000007fef9a80000 - 0x000007fef9ad3000 	C:\Windows\System32\fwpuclnt.dll
0x000007fef8b10000 - 0x000007fef8b18000 	C:\Windows\system32\rasadhlp.dll
0x000007fefbd20000 - 0x000007fefbe9a000 	C:\Program Files (x86)\Sangfor\SSL\ClientComponent\SangforTcpX64.dll
0x000007fefbd10000 - 0x000007fefbd1c000 	C:\Windows\system32\VERSION.dll
0x000007fefd020000 - 0x000007fefd05a000 	C:\Windows\system32\WINTRUST.dll
0x000007fefccf0000 - 0x000007fefce5c000 	C:\Windows\system32\CRYPT32.dll
0x000007fefcce0000 - 0x000007fefccef000 	C:\Windows\system32\MSASN1.dll
0x000007fefbd00000 - 0x000007fefbd07000 	C:\Windows\System32\wshtcpip.dll
0x0000000071470000 - 0x0000000071489000 	D:\Program Files\Java\jdk1.7.0_45\jre\bin\net.dll
0x000007fefc4a0000 - 0x000007fefc4a7000 	C:\Windows\System32\wship6.dll
0x00000000711a0000 - 0x00000000711b1000 	D:\Program Files\Java\jdk1.7.0_45\jre\bin\nio.dll
0x000007fefc510000 - 0x000007fefc527000 	C:\Windows\system32\CRYPTSP.dll
0x000007fefc210000 - 0x000007fefc257000 	C:\Windows\system32\rsaenh.dll
0x000007fefcf40000 - 0x000007fefcf5e000 	C:\Windows\system32\USERENV.dll
0x000007fefccd0000 - 0x000007fefccdf000 	C:\Windows\system32\profapi.dll
0x000007fefcb70000 - 0x000007fefcb7f000 	C:\Windows\system32\CRYPTBASE.dll
0x0000000071290000 - 0x000000007129b000 	D:\Program Files\Java\jdk1.7.0_45\jre\bin\management.dll
0x0000000064a40000 - 0x0000000064bd5000 	D:\Program Files\Java\jdk1.7.0_45\jre\bin\awt.dll
0x000007fef7430000 - 0x000007fef7555000 	C:\Windows\system32\dbghelp.dll

VM Arguments:
jvm_args: -agentlib:jdwp=transport=dt_socket,suspend=y,address=localhost:51954 -Dmaven.home=D:\apache-maven-3.1.1 -Dclassworlds.conf=E:\eclipse\workspace\.metadata\.plugins\org.eclipse.m2e.launching\launches\m2conf8787531769232031047.tmp -Dmaven.bootclasspath=D:\apache-maven-3.1.1\boot\plexus-classworlds-2.5.1.jar -Dfile.encoding=UTF-8 
java_command: org.codehaus.classworlds.Launcher -B -s D:\apache-maven-3.1.1\conf\settings.xml tomcat6:run
Launcher Type: SUN_STANDARD

Environment Variables:
JAVA_HOME=d:\Program Files (x86)\Java\jdk1.7.0_51\
PATH=D:\Program Files\java\jdk1.7.0_45\jre\bin;D:\apache-ant-1.9.3\BIN;D:\adt-bundle-windows-x86-20140321\sdk\tools;D:\adt-bundle-windows-x86-20140321\sdk\platform-tools;JAVA_OME\bin;D:\app\mawujun\product\11.2.0\client_1;D:\app\mawujun\product\11.2.0\dbhome_1\bin;C:\Windows\system32;C:\Windows;C:\Windows\System32\Wbem;C:\Windows\System32\WindowsPowerShell\v1.0\;D:\Program Files\nodejs\;D:\Program Files\TortoiseSVN\bin;C:\Users\mawujun\AppData\Roaming\npm
USERNAME=mawujun
OS=Windows_NT
PROCESSOR_IDENTIFIER=Intel64 Family 6 Model 37 Stepping 2, GenuineIntel



---------------  S Y S T E M  ---------------

OS: Windows 7 , 64 bit Build 7601 Service Pack 1

CPU:total 4 (2 cores per cpu, 2 threads per core) family 6 model 37 stepping 2, cmov, cx8, fxsr, mmx, sse, sse2, sse3, ssse3, sse4.1, sse4.2, popcnt, ht, tsc, tscinvbit

Memory: 4k page, physical 6148660k(2470944k free), swap 12295468k(4583668k free)

vm_info: Java HotSpot(TM) 64-Bit Server VM (24.45-b08) for windows-amd64 JRE (1.7.0_45-b18), built on Oct  8 2013 05:47:22 by "java_re" with unknown MS VC++:1600

time: Mon Aug 11 20:58:06 2014
elapsed time: 2724 seconds

