#
# A fatal error has been detected by the Java Runtime Environment:
#
#  EXCEPTION_ACCESS_VIOLATION (0xc0000005) at pc=0x6e532f2d, pid=1136, tid=512
#
# JRE version: 7.0_10-b18
# Java VM: Java HotSpot(TM) Client VM (23.6-b04 mixed mode windows-x86 )
# Problematic frame:
# V  [jvm.dll+0xf2f2d]
#
# Failed to write core dump. Minidumps are not enabled by default on client versions of Windows
#
# If you would like to submit a bug report, please visit:
#   http://bugreport.sun.com/bugreport/crash.jsp
#

---------------  T H R E A D  ---------------

Current thread (0x027eb000):  JavaThread "main" [_thread_in_vm, id=512, stack(0x00a90000,0x00ae0000)]

siginfo: ExceptionCode=0xc0000005, reading address 0x00000015

Registers:
EAX=0x00add754, EBX=0x0000025f, ECX=0x027eba54, EDX=0x00000005
ESP=0x00add6c8, EBP=0x00add86c, ESI=0x159a8b60, EDI=0x159a8b60
EIP=0x6e532f2d, EFLAGS=0x00010287

Top of Stack: (sp=0x00add6c8)
0x00add6c8:   04f49bf8 027eb000 027eb914 027eb000
0x00add6d8:   027e64e0 027eb880 027eb92c 027ebc74
0x00add6e8:   00add9d4 027eb000 027eb128 00000001
0x00add6f8:   1936b098 18a04bf4 00000000 00000048
0x00add708:   00000000 1936b09c 027e0000 027e0000
0x00add718:   1a326618 00000000 03800257 1a190170
0x00add728:   19f11f70 1a326618 013e0045 1a324800
0x00add738:   00000000 1a0b55e8 00add75c 027e7908 

Instructions: (pc=0x6e532f2d)
0x6e532f0d:   f6 ff eb 03 89 4e 08 89 38 8b 30 56 8d 8d e8 fe
0x6e532f1d:   ff ff e8 8c 1a f1 ff 8b 8d e8 fe ff ff 8b 56 0c
0x6e532f2d:   8b 42 10 51 51 8b cc 50 e8 76 1a f1 ff e8 71 6f
0x6e532f3d:   f9 ff 83 c4 08 8b f0 8b 15 7c 06 73 6e 52 ff 15 


Register to memory mapping:

EAX=0x00add754 is pointing into the stack for thread: 0x027eb000
EBX=0x0000025f is an unknown value
ECX=0x027eba54 is an unknown value
EDX=0x00000005 is an unknown value
ESP=0x00add6c8 is pointing into the stack for thread: 0x027eb000
EBP=0x00add86c is pointing into the stack for thread: 0x027eb000
ESI=0x159a8b60 is an oop
{instance class} 
 - klass: {other class}
EDI=0x159a8b60 is an oop
{instance class} 
 - klass: {other class}


Stack: [0x00a90000,0x00ae0000],  sp=0x00add6c8,  free space=309k
Native frames: (J=compiled Java code, j=interpreted, Vv=VM code, C=native code)
V  [jvm.dll+0xf2f2d]
V  [jvm.dll+0x529b6]
j  java.net.URLClassLoader$1.run()Ljava/lang/Class;+72
J  java.net.URLClassLoader$1.run()Ljava/lang/Object;
V  [jvm.dll+0x12a3ba]
V  [jvm.dll+0x1d97de]
V  [jvm.dll+0x12a43d]
V  [jvm.dll+0xd9e0a]
C  [java.dll+0x1061]  Java_java_security_AccessController_doPrivileged__Ljava_security_PrivilegedExceptionAction_2Ljava_security_AccessControlContext_2+0x17
J  java.net.URLClassLoader.findClass(Ljava/lang/String;)Ljava/lang/Class;
j  org.apache.catalina.loader.WebappClassLoader.loadClass(Ljava/lang/String;Z)Ljava/lang/Class;+453
j  org.apache.catalina.loader.WebappClassLoader.loadClass(Ljava/lang/String;)Ljava/lang/Class;+3
v  ~StubRoutines::call_stub
V  [jvm.dll+0x12a3ba]
V  [jvm.dll+0x1d97de]
V  [jvm.dll+0x12a5a3]
V  [jvm.dll+0x12a67f]
V  [jvm.dll+0x2cbd5]
V  [jvm.dll+0x2dd38]
V  [jvm.dll+0x2e3fb]
V  [jvm.dll+0x2a53b]
V  [jvm.dll+0x15c92]
V  [jvm.dll+0x199b0]
V  [jvm.dll+0x2bf38]
V  [jvm.dll+0xd9880]
V  [jvm.dll+0xd9a6a]
C  [java.dll+0x1632]  Java_java_lang_ClassLoader_defineClass1+0x126

Java frames: (J=compiled Java code, j=interpreted, Vv=VM code)
j  java.net.URLClassLoader$1.run()Ljava/lang/Class;+72
J  java.net.URLClassLoader$1.run()Ljava/lang/Object;
v  ~StubRoutines::call_stub
J  java.security.AccessController.doPrivileged(Ljava/security/PrivilegedExceptionAction;Ljava/security/AccessControlContext;)Ljava/lang/Object;
J  java.net.URLClassLoader.findClass(Ljava/lang/String;)Ljava/lang/Class;
j  org.apache.catalina.loader.WebappClassLoader.findClass(Ljava/lang/String;)Ljava/lang/Class;+483
j  org.apache.catalina.loader.WebappClassLoader.loadClass(Ljava/lang/String;Z)Ljava/lang/Class;+453
j  org.apache.catalina.loader.WebappClassLoader.loadClass(Ljava/lang/String;)Ljava/lang/Class;+3
v  ~StubRoutines::call_stub
J  java.lang.ClassLoader.defineClass1(Ljava/lang/String;[BIILjava/security/ProtectionDomain;Ljava/lang/String;)Ljava/lang/Class;
j  java.lang.ClassLoader.defineClass(Ljava/lang/String;[BIILjava/security/ProtectionDomain;)Ljava/lang/Class;+46
J  java.net.URLClassLoader.defineClass(Ljava/lang/String;Lsun/misc/Resource;)Ljava/lang/Class;
J  java.net.URLClassLoader$1.run()Ljava/lang/Class;
J  java.net.URLClassLoader$1.run()Ljava/lang/Object;
v  ~StubRoutines::call_stub
J  java.security.AccessController.doPrivileged(Ljava/security/PrivilegedExceptionAction;Ljava/security/AccessControlContext;)Ljava/lang/Object;
J  java.net.URLClassLoader.findClass(Ljava/lang/String;)Ljava/lang/Class;
j  org.apache.catalina.loader.WebappClassLoader.findClass(Ljava/lang/String;)Ljava/lang/Class;+483
j  org.apache.catalina.loader.WebappClassLoader.loadClass(Ljava/lang/String;Z)Ljava/lang/Class;+453
j  org.apache.catalina.loader.WebappClassLoader.loadClass(Ljava/lang/String;)Ljava/lang/Class;+3
j  org.apache.catalina.startup.WebAnnotationSet.loadClassAnnotation(Lorg/apache/catalina/Context;Ljava/lang/String;)V+16
j  org.apache.catalina.startup.WebAnnotationSet.loadApplicationListenerAnnotations(Lorg/apache/catalina/Context;)V+19
j  org.apache.catalina.startup.WebAnnotationSet.loadApplicationAnnotations(Lorg/apache/catalina/Context;)V+1
j  org.apache.catalina.startup.ContextConfig.applicationAnnotationsConfig()V+8
j  org.apache.catalina.startup.ContextConfig.start()V+144
j  org.apache.catalina.startup.ContextConfig.lifecycleEvent(Lorg/apache/catalina/LifecycleEvent;)V+50
j  org.apache.catalina.util.LifecycleSupport.fireLifecycleEvent(Ljava/lang/String;Ljava/lang/Object;)V+178
j  org.apache.catalina.core.StandardContext.start()V+977
j  org.apache.catalina.core.ContainerBase.start()V+266
j  org.apache.catalina.core.StandardHost.start()V+315
j  org.apache.catalina.core.ContainerBase.start()V+266
j  org.apache.catalina.core.StandardEngine.start()V+221
j  org.apache.catalina.startup.Embedded.start()V+104
j  org.apache.tomcat.maven.plugin.tomcat6.AbstractRunMojo.startContainer()V+853
j  org.apache.tomcat.maven.plugin.tomcat6.AbstractRunMojo.execute()V+111
j  org.apache.maven.plugin.DefaultBuildPluginManager.executeMojo(Lorg/apache/maven/execution/MavenSession;Lorg/apache/maven/plugin/MojoExecution;)V+101
j  org.apache.maven.lifecycle.internal.MojoExecutor.execute(Lorg/apache/maven/execution/MavenSession;Lorg/apache/maven/plugin/MojoExecution;Lorg/apache/maven/lifecycle/internal/ProjectIndex;Lorg/apache/maven/lifecycle/internal/DependencyContext;)V+215
j  org.apache.maven.lifecycle.internal.MojoExecutor.execute(Lorg/apache/maven/execution/MavenSession;Lorg/apache/maven/plugin/MojoExecution;Lorg/apache/maven/lifecycle/internal/ProjectIndex;Lorg/apache/maven/lifecycle/internal/DependencyContext;Lorg/apache/maven/lifecycle/internal/PhaseRecorder;)V+6
j  org.apache.maven.lifecycle.internal.MojoExecutor.execute(Lorg/apache/maven/execution/MavenSession;Ljava/util/List;Lorg/apache/maven/lifecycle/internal/ProjectIndex;)V+60
j  org.apache.maven.lifecycle.internal.LifecycleModuleBuilder.buildProject(Lorg/apache/maven/execution/MavenSession;Lorg/apache/maven/execution/MavenSession;Lorg/apache/maven/lifecycle/internal/ReactorContext;Lorg/apache/maven/project/MavenProject;Lorg/apache/maven/lifecycle/internal/TaskSegment;)V+107
j  org.apache.maven.lifecycle.internal.LifecycleModuleBuilder.buildProject(Lorg/apache/maven/execution/MavenSession;Lorg/apache/maven/lifecycle/internal/ReactorContext;Lorg/apache/maven/project/MavenProject;Lorg/apache/maven/lifecycle/internal/TaskSegment;)V+7
j  org.apache.maven.lifecycle.internal.LifecycleStarter.singleThreadedBuild(Lorg/apache/maven/execution/MavenSession;Lorg/apache/maven/lifecycle/internal/ReactorContext;Lorg/apache/maven/lifecycle/internal/ProjectBuildList;Ljava/util/List;Lorg/apache/maven/lifecycle/internal/ReactorBuildStatus;)V+77
j  org.apache.maven.lifecycle.internal.LifecycleStarter.execute(Lorg/apache/maven/execution/MavenSession;)V+421
j  org.apache.maven.DefaultMaven.doExecute(Lorg/apache/maven/execution/MavenExecutionRequest;)Lorg/apache/maven/execution/MavenExecutionResult;+585
j  org.apache.maven.DefaultMaven.execute(Lorg/apache/maven/execution/MavenExecutionRequest;)Lorg/apache/maven/execution/MavenExecutionResult;+11
j  org.apache.maven.cli.MavenCli.execute(Lorg/apache/maven/cli/MavenCli$CliRequest;)I+19
j  org.apache.maven.cli.MavenCli.doMain(Lorg/apache/maven/cli/MavenCli$CliRequest;)I+53
j  org.apache.maven.cli.MavenCli.main([Ljava/lang/String;Lorg/codehaus/plexus/classworlds/ClassWorld;)I+18
v  ~StubRoutines::call_stub
j  sun.reflect.NativeMethodAccessorImpl.invoke0(Ljava/lang/reflect/Method;Ljava/lang/Object;[Ljava/lang/Object;)Ljava/lang/Object;+0
j  sun.reflect.NativeMethodAccessorImpl.invoke(Ljava/lang/Object;[Ljava/lang/Object;)Ljava/lang/Object;+87
j  sun.reflect.DelegatingMethodAccessorImpl.invoke(Ljava/lang/Object;[Ljava/lang/Object;)Ljava/lang/Object;+6
j  java.lang.reflect.Method.invoke(Ljava/lang/Object;[Ljava/lang/Object;)Ljava/lang/Object;+95
j  org.codehaus.plexus.classworlds.launcher.Launcher.launchEnhanced([Ljava/lang/String;)V+45
j  org.codehaus.plexus.classworlds.launcher.Launcher.launch([Ljava/lang/String;)V+2
j  org.codehaus.plexus.classworlds.launcher.Launcher.mainWithExitCode([Ljava/lang/String;)I+97
j  org.codehaus.plexus.classworlds.launcher.Launcher.main([Ljava/lang/String;)V+26
v  ~StubRoutines::call_stub

---------------  P R O C E S S  ---------------

Java Threads: ( => current thread )
  0x1a35e000 JavaThread "Thread-10" daemon [_thread_blocked, id=2484, stack(0x1b280000,0x1b2d0000)]
  0x1929e800 JavaThread "Service Thread" daemon [_thread_blocked, id=408, stack(0x19900000,0x19950000)]
  0x1929e000 JavaThread "C1 CompilerThread0" daemon [_thread_blocked, id=1116, stack(0x19870000,0x198c0000)]
  0x19272000 JavaThread "Thread-5" daemon [_thread_blocked, id=3132, stack(0x197e0000,0x19830000)]
  0x1926cc00 JavaThread "Thread-3" daemon [_thread_blocked, id=924, stack(0x196c0000,0x19710000)]
  0x19227c00 JavaThread "Java7FSNotify" daemon [_thread_blocked, id=5412, stack(0x19630000,0x19680000)]
  0x19227400 JavaThread "Thread-1" daemon [_thread_in_native, id=7404, stack(0x195a0000,0x195f0000)]
  0x18b2a000 JavaThread "rebel-debugger-thread" daemon [_thread_blocked, id=5052, stack(0x194d0000,0x19520000)]
  0x18a11c00 JavaThread "JDWP Command Reader" daemon [_thread_in_native, id=9140, stack(0x19040000,0x19090000)]
  0x18a0ec00 JavaThread "JDWP Event Helper Thread" daemon [_thread_blocked, id=6140, stack(0x18fb0000,0x19000000)]
  0x189fd000 JavaThread "JDWP Transport Listener: dt_socket" daemon [_thread_blocked, id=8532, stack(0x18f20000,0x18f70000)]
  0x189f7800 JavaThread "Attach Listener" daemon [_thread_blocked, id=4648, stack(0x18e00000,0x18e50000)]
  0x189f5800 JavaThread "Signal Dispatcher" daemon [_thread_blocked, id=4624, stack(0x18d70000,0x18dc0000)]
  0x18991400 JavaThread "Finalizer" daemon [_thread_blocked, id=7188, stack(0x18ce0000,0x18d30000)]
  0x1898c800 JavaThread "Reference Handler" daemon [_thread_blocked, id=7244, stack(0x18c50000,0x18ca0000)]
=>0x027eb000 JavaThread "main" [_thread_in_vm, id=512, stack(0x00a90000,0x00ae0000)]

Other Threads:
  0x18986000 VMThread [stack: 0x18bc0000,0x18c10000] [id=2020]
  0x192ab400 WatcherThread [stack: 0x19990000,0x199e0000] [id=7684]

VM state:not at safepoint (normal execution)

VM Mutex/Monitor currently owned by a thread: None

Heap
 def new generation   total 20352K, used 247K [0x048f0000, 0x05f00000, 0x09e40000)
  eden space 18112K,   1% used [0x048f0000, 0x0492dd98, 0x05aa0000)
  from space 2240K,   0% used [0x05aa0000, 0x05aa0000, 0x05cd0000)
  to   space 2240K,   0% used [0x05cd0000, 0x05cd0000, 0x05f00000)
 tenured generation   total 45052K, used 27030K [0x09e40000, 0x0ca3f000, 0x148f0000)
   the space 45052K,  59% used [0x09e40000, 0x0b8a58e0, 0x0b8a5a00, 0x0ca3f000)
 compacting perm gen  total 17408K, used 17188K [0x148f0000, 0x159f0000, 0x188f0000)
   the space 17408K,  98% used [0x148f0000, 0x159b9060, 0x159b9200, 0x159f0000)
No shared spaces configured.

Card table byte_map: [0x02710000,0x027c0000] byte_map_base: 0x026eb880

Polling page: 0x00930000

Code Cache  [0x028f0000, 0x02d70000, 0x048f0000)
 total_blobs=2171 nmethods=2006 adapters=108 free_code_cache=28181Kb largest_free_block=28856320

Compilation events (10 events):
Event: 13.993 Thread 0x1929e000 2020  s          sun.net.www.protocol.file.Handler::openConnection (7 bytes)
Event: 13.993 Thread 0x1929e000 nmethod 2020 0x02d68208 code [0x02d68310, 0x02d684fc]
Event: 13.993 Thread 0x1929e000 2021  s!         sun.net.www.protocol.file.Handler::openConnection (269 bytes)
Event: 13.995 Thread 0x1929e000 nmethod 2021 0x02d68588 code [0x02d68870, 0x02d69638]
Event: 13.995 Thread 0x1929e000 2022             sun.net.www.protocol.file.Handler::createFileURLConnection (10 bytes)
Event: 13.996 Thread 0x1929e000 nmethod 2022 0x02d6a888 code [0x02d6a990, 0x02d6aa7c]
Event: 13.996 Thread 0x1929e000 2023             sun.net.www.URLConnection::<init> (22 bytes)
Event: 13.996 Thread 0x1929e000 nmethod 2023 0x02d6ab08 code [0x02d6ac10, 0x02d6ad28]
Event: 13.997 Thread 0x1929e000 2024             java.net.URL::openConnection (9 bytes)
Event: 13.997 Thread 0x1929e000 nmethod 2024 0x02d6ae08 code [0x02d6af10, 0x02d6afac]

GC Heap History (10 events):
Event: 13.495 GC heap before
{Heap before GC invocations=59 (full 3):
 def new generation   total 16576K, used 16167K [0x048f0000, 0x05ae0000, 0x09e40000)
  eden space 14784K,  99% used [0x048f0000, 0x0575d178, 0x05760000)
  from space 1792K,  77% used [0x05920000, 0x05a7cd28, 0x05ae0000)
  to   space 1792K,   0% used [0x05760000, 0x05760000, 0x05920000)
 tenured generation   total 36668K, used 27010K [0x09e40000, 0x0c20f000, 0x148f0000)
   the space 36668K,  73% used [0x09e40000, 0x0b8a0ac8, 0x0b8a0c00, 0x0c20f000)
 compacting perm gen  total 17152K, used 16918K [0x148f0000, 0x159b0000, 0x188f0000)
   the space 17152K,  98% used [0x148f0000, 0x15975bf8, 0x15975c00, 0x159b0000)
No shared spaces configured.
Event: 13.506 GC heap after
Heap after GC invocations=60 (full 3):
 def new generation   total 16576K, used 1792K [0x048f0000, 0x05ae0000, 0x09e40000)
  eden space 14784K,   0% used [0x048f0000, 0x048f0000, 0x05760000)
  from space 1792K, 100% used [0x05760000, 0x05920000, 0x05920000)
  to   space 1792K,   0% used [0x05920000, 0x05920000, 0x05ae0000)
 tenured generation   total 36668K, used 27683K [0x09e40000, 0x0c20f000, 0x148f0000)
   the space 36668K,  75% used [0x09e40000, 0x0b948d90, 0x0b948e00, 0x0c20f000)
 compacting perm gen  total 17152K, used 16918K [0x148f0000, 0x159b0000, 0x188f0000)
   the space 17152K,  98% used [0x148f0000, 0x15975bf8, 0x15975c00, 0x159b0000)
No shared spaces configured.
}
Event: 13.785 GC heap before
{Heap before GC invocations=60 (full 3):
 def new generation   total 16576K, used 16576K [0x048f0000, 0x05ae0000, 0x09e40000)
  eden space 14784K, 100% used [0x048f0000, 0x05760000, 0x05760000)
  from space 1792K, 100% used [0x05760000, 0x05920000, 0x05920000)
  to   space 1792K,   0% used [0x05920000, 0x05920000, 0x05ae0000)
 tenured generation   total 36668K, used 27683K [0x09e40000, 0x0c20f000, 0x148f0000)
   the space 36668K,  75% used [0x09e40000, 0x0b948d90, 0x0b948e00, 0x0c20f000)
 compacting perm gen  total 17408K, used 17213K [0x148f0000, 0x159f0000, 0x188f0000)
   the space 17408K,  98% used [0x148f0000, 0x159bf4f0, 0x159bf600, 0x159f0000)
No shared spaces configured.
Event: 13.794 GC heap after
Heap after GC invocations=61 (full 3):
 def new generation   total 16576K, used 916K [0x048f0000, 0x05ae0000, 0x09e40000)
  eden space 14784K,   0% used [0x048f0000, 0x048f0000, 0x05760000)
  from space 1792K,  51% used [0x05920000, 0x05a05110, 0x05ae0000)
  to   space 1792K,   0% used [0x05760000, 0x05760000, 0x05920000)
 tenured generation   total 36668K, used 28726K [0x09e40000, 0x0c20f000, 0x148f0000)
   the space 36668K,  78% used [0x09e40000, 0x0ba4d9d0, 0x0ba4da00, 0x0c20f000)
 compacting perm gen  total 17408K, used 17213K [0x148f0000, 0x159f0000, 0x188f0000)
   the space 17408K,  98% used [0x148f0000, 0x159bf4f0, 0x159bf600, 0x159f0000)
No shared spaces configured.
}
Event: 14.000 GC heap before
{Heap before GC invocations=61 (full 3):
 def new generation   total 16576K, used 15685K [0x048f0000, 0x05ae0000, 0x09e40000)
  eden space 14784K,  99% used [0x048f0000, 0x0575c408, 0x05760000)
  from space 1792K,  51% used [0x05920000, 0x05a05110, 0x05ae0000)
  to   space 1792K,   0% used [0x05760000, 0x05760000, 0x05920000)
 tenured generation   total 36668K, used 28726K [0x09e40000, 0x0c20f000, 0x148f0000)
   the space 36668K,  78% used [0x09e40000, 0x0ba4d9d0, 0x0ba4da00, 0x0c20f000)
 compacting perm gen  total 17664K, used 17662K [0x148f0000, 0x15a30000, 0x188f0000)
   the space 17664K,  99% used [0x148f0000, 0x15a2f9b0, 0x15a2fa00, 0x15a30000)
No shared spaces configured.
Event: 14.007 GC heap after
Heap after GC invocations=62 (full 3):
 def new generation   total 16576K, used 734K [0x048f0000, 0x05ae0000, 0x09e40000)
  eden space 14784K,   0% used [0x048f0000, 0x048f0000, 0x05760000)
  from space 1792K,  40% used [0x05760000, 0x058178d8, 0x05920000)
  to   space 1792K,   0% used [0x05920000, 0x05920000, 0x05ae0000)
 tenured generation   total 36668K, used 29088K [0x09e40000, 0x0c20f000, 0x148f0000)
   the space 36668K,  79% used [0x09e40000, 0x0baa81e0, 0x0baa8200, 0x0c20f000)
 compacting perm gen  total 17664K, used 17662K [0x148f0000, 0x15a30000, 0x188f0000)
   the space 17664K,  99% used [0x148f0000, 0x15a2f9b0, 0x15a2fa00, 0x15a30000)
No shared spaces configured.
}
Event: 14.013 GC heap before
{Heap before GC invocations=62 (full 3):
 def new generation   total 16576K, used 15476K [0x048f0000, 0x05ae0000, 0x09e40000)
  eden space 14784K,  99% used [0x048f0000, 0x05755970, 0x05760000)
  from space 1792K,  40% used [0x05760000, 0x058178d8, 0x05920000)
  to   space 1792K,   0% used [0x05920000, 0x05920000, 0x05ae0000)
 tenured generation   total 36668K, used 29088K [0x09e40000, 0x0c20f000, 0x148f0000)
   the space 36668K,  79% used [0x09e40000, 0x0baa81e0, 0x0baa8200, 0x0c20f000)
 compacting perm gen  total 17664K, used 17662K [0x148f0000, 0x15a30000, 0x188f0000)
   the space 17664K,  99% used [0x148f0000, 0x15a2f9b0, 0x15a2fa00, 0x15a30000)
No shared spaces configured.
Event: 14.017 GC heap after
Heap after GC invocations=63 (full 3):
 def new generation   total 16576K, used 632K [0x048f0000, 0x05ae0000, 0x09e40000)
  eden space 14784K,   0% used [0x048f0000, 0x048f0000, 0x05760000)
  from space 1792K,  35% used [0x05920000, 0x059be230, 0x05ae0000)
  to   space 1792K,   0% used [0x05760000, 0x05760000, 0x05920000)
 tenured generation   total 36668K, used 29088K [0x09e40000, 0x0c20f000, 0x148f0000)
   the space 36668K,  79% used [0x09e40000, 0x0baa81e0, 0x0baa8200, 0x0c20f000)
 compacting perm gen  total 17664K, used 17662K [0x148f0000, 0x15a30000, 0x188f0000)
   the space 17664K,  99% used [0x148f0000, 0x15a2f9b0, 0x15a2fa00, 0x15a30000)
No shared spaces configured.
}
Event: 14.045 GC heap before
{Heap before GC invocations=63 (full 3):
 def new generation   total 16576K, used 7230K [0x048f0000, 0x05ae0000, 0x09e40000)
  eden space 14784K,  44% used [0x048f0000, 0x04f61890, 0x05760000)
  from space 1792K,  35% used [0x05920000, 0x059be230, 0x05ae0000)
  to   space 1792K,   0% used [0x05760000, 0x05760000, 0x05920000)
 tenured generation   total 36668K, used 29088K [0x09e40000, 0x0c20f000, 0x148f0000)
   the space 36668K,  79% used [0x09e40000, 0x0baa81e0, 0x0baa8200, 0x0c20f000)
 compacting perm gen  total 17664K, used 17663K [0x148f0000, 0x15a30000, 0x188f0000)
   the space 17664K,  99% used [0x148f0000, 0x15a2fed8, 0x15a30000, 0x15a30000)
No shared spaces configured.
Event: 14.177 GC heap after
Heap after GC invocations=64 (full 4):
 def new generation   total 20352K, used 0K [0x048f0000, 0x05f00000, 0x09e40000)
  eden space 18112K,   0% used [0x048f0000, 0x048f0000, 0x05aa0000)
  from space 2240K,   0% used [0x05aa0000, 0x05aa0000, 0x05cd0000)
  to   space 2240K,   0% used [0x05cd0000, 0x05cd0000, 0x05f00000)
 tenured generation   total 45052K, used 27030K [0x09e40000, 0x0ca3f000, 0x148f0000)
   the space 45052K,  59% used [0x09e40000, 0x0b8a58e0, 0x0b8a5a00, 0x0ca3f000)
 compacting perm gen  total 17408K, used 17187K [0x148f0000, 0x159f0000, 0x188f0000)
   the space 17408K,  98% used [0x148f0000, 0x159b8ec0, 0x159b9000, 0x159f0000)
No shared spaces configured.
}

Deoptimization events (0 events):
No events

Internal exceptions (10 events):
Event: 13.934 Thread 0x027eb000 Threw 0x04f48d78 at C:\jdk7u2_32P\jdk7u10\hotspot\src\share\vm\prims\jvm.cpp:1166
Event: 13.934 Thread 0x027eb000 Threw 0x04f49908 at C:\jdk7u2_32P\jdk7u10\hotspot\src\share\vm\prims\jvm.cpp:1166
Event: 13.934 Thread 0x027eb000 Threw 0x04f4c6b8 at C:\jdk7u2_32P\jdk7u10\hotspot\src\share\vm\prims\jvm.cpp:1166
Event: 13.934 Thread 0x027eb000 Threw 0x04f4d2f0 at C:\jdk7u2_32P\jdk7u10\hotspot\src\share\vm\prims\jvm.cpp:1166
Event: 13.935 Thread 0x027eb000 Threw 0x04f50690 at C:\jdk7u2_32P\jdk7u10\hotspot\src\share\vm\prims\jvm.cpp:1166
Event: 13.935 Thread 0x027eb000 Threw 0x04f51220 at C:\jdk7u2_32P\jdk7u10\hotspot\src\share\vm\prims\jvm.cpp:1166
Event: 13.935 Thread 0x027eb000 Threw 0x04f553a0 at C:\jdk7u2_32P\jdk7u10\hotspot\src\share\vm\prims\jvm.cpp:1166
Event: 13.935 Thread 0x027eb000 Threw 0x04f56070 at C:\jdk7u2_32P\jdk7u10\hotspot\src\share\vm\prims\jvm.cpp:1166
Event: 14.045 Thread 0x027eb000 Threw 0x04f3e9d0 at C:\jdk7u2_32P\jdk7u10\hotspot\src\share\vm\prims\jvm.cpp:1166
Event: 14.045 Thread 0x027eb000 Threw 0x04f3f400 at C:\jdk7u2_32P\jdk7u10\hotspot\src\share\vm\prims\jvm.cpp:1166

Events (10 events):
Event: 14.045 Thread 0x027eb000 DEOPT PACKING pc=0x02ab8f64 sp=0x00addbe0
Event: 14.045 Thread 0x027eb000 DEOPT UNPACKING pc=0x0291cdb9 sp=0x00addac4 mode 1
Event: 14.045 Thread 0x027eb000 DEOPT PACKING pc=0x02b1f04c sp=0x00addc80
Event: 14.045 Thread 0x027eb000 DEOPT UNPACKING pc=0x0291cdb9 sp=0x00addb70 mode 1
Event: 14.045 Thread 0x027eb000 DEOPT PACKING pc=0x02abb950 sp=0x00add8e0
Event: 14.045 Thread 0x027eb000 DEOPT UNPACKING pc=0x0291cdb9 sp=0x00add7d8 mode 1
Event: 14.045 loading class 0x028b6ff8
Event: 14.045 Executing VM operation: GenCollectForPermanentAllocation
Event: 14.178 Executing VM operation: GenCollectForPermanentAllocation done
Event: 14.178 loading class 0x028b6ff8 done


Dynamic libraries:
0x000b0000 - 0x000df000 	D:\Program Files\java\jdk1.7.0_10\bin\javaw.exe
0x77050000 - 0x771a7000 	C:\Windows\SYSTEM32\ntdll.dll
0x76500000 - 0x76630000 	C:\Windows\SYSTEM32\KERNEL32.DLL
0x76c50000 - 0x76cf6000 	C:\Windows\SYSTEM32\KERNELBASE.dll
0x76940000 - 0x769ee000 	C:\Windows\SYSTEM32\ADVAPI32.dll
0x76a40000 - 0x76b56000 	C:\Windows\SYSTEM32\USER32.dll
0x732a0000 - 0x73498000 	C:\Windows\WinSxS\x86_microsoft.windows.common-controls_6595b64144ccf1df_6.0.9200.16579_none_8937eec6860750f5\COMCTL32.dll
0x746a0000 - 0x74751000 	C:\Windows\SYSTEM32\msvcrt.dll
0x76ef0000 - 0x76f24000 	C:\Windows\SYSTEM32\sechost.dll
0x74760000 - 0x7480c000 	C:\Windows\SYSTEM32\RPCRT4.dll
0x75f30000 - 0x7602d000 	C:\Windows\SYSTEM32\GDI32.dll
0x74680000 - 0x7469c000 	C:\Windows\SYSTEM32\SspiCli.dll
0x74670000 - 0x74679000 	C:\Windows\SYSTEM32\CRYPTBASE.dll
0x74610000 - 0x74661000 	C:\Windows\SYSTEM32\bcryptPrimitives.dll
0x76160000 - 0x76180000 	C:\Windows\system32\IMM32.DLL
0x74d80000 - 0x74e5d000 	C:\Windows\SYSTEM32\MSCTF.dll
0x6a1f0000 - 0x6a2ad000 	D:\Program Files\java\jdk1.7.0_10\jre\bin\msvcr100.dll
0x6e440000 - 0x6e78c000 	D:\Program Files\java\jdk1.7.0_10\jre\bin\client\jvm.dll
0x730c0000 - 0x730c8000 	C:\Windows\SYSTEM32\WSOCK32.dll
0x742e0000 - 0x74301000 	C:\Windows\SYSTEM32\WINMM.dll
0x76820000 - 0x76826000 	C:\Windows\SYSTEM32\PSAPI.DLL
0x769f0000 - 0x76a40000 	C:\Windows\SYSTEM32\WS2_32.dll
0x742b0000 - 0x742da000 	C:\Windows\SYSTEM32\WINMMBASE.dll
0x74b50000 - 0x74b58000 	C:\Windows\SYSTEM32\NSI.dll
0x70240000 - 0x7024c000 	D:\Program Files\java\jdk1.7.0_10\jre\bin\verify.dll
0x6fa40000 - 0x6fa60000 	D:\Program Files\java\jdk1.7.0_10\jre\bin\java.dll
0x6a1c0000 - 0x6a1ea000 	D:\Program Files\java\jdk1.7.0_10\jre\bin\jdwp.dll
0x6a1b0000 - 0x6a1b7000 	D:\Program Files\java\jdk1.7.0_10\jre\bin\npt.dll
0x6a190000 - 0x6a1b0000 	D:\Program Files\java\jdk1.7.0_10\jre\bin\instrument.dll
0x6efd0000 - 0x6efe3000 	D:\Program Files\java\jdk1.7.0_10\jre\bin\zip.dll
0x6a180000 - 0x6a188000 	D:\Program Files\java\jdk1.7.0_10\jre\bin\dt_socket.dll
0x70d20000 - 0x70d30000 	C:\Windows\system32\napinsp.dll
0x70c10000 - 0x70c24000 	C:\Windows\system32\pnrpnsp.dll
0x70c00000 - 0x70c10000 	C:\Windows\system32\NLAapi.dll
0x73e50000 - 0x73e9a000 	C:\Windows\System32\mswsock.dll
0x73ee0000 - 0x73f55000 	C:\Windows\SYSTEM32\DNSAPI.dll
0x70bf0000 - 0x70bf9000 	C:\Windows\System32\winrnr.dll
0x70be0000 - 0x70bf0000 	C:\Windows\system32\wshbth.dll
0x71180000 - 0x711bf000 	C:\Windows\System32\fwpuclnt.dll
0x711c0000 - 0x711c7000 	C:\Windows\System32\rasadhlp.dll
0x6ef90000 - 0x6efb0000 	D:\Program Files\java\jdk1.7.0_10\jre\bin\sunec.dll
0x6a170000 - 0x6a179000 	D:\Program Files\java\jdk1.7.0_10\jre\bin\sunmscapi.dll
0x76690000 - 0x76811000 	C:\Windows\SYSTEM32\CRYPT32.dll
0x74b60000 - 0x74b72000 	C:\Windows\SYSTEM32\MSASN1.dll
0x6efb0000 - 0x6efc4000 	D:\Program Files\java\jdk1.7.0_10\jre\bin\net.dll
0x74520000 - 0x74540000 	C:\Windows\SYSTEM32\IPHLPAPI.DLL
0x74510000 - 0x74518000 	C:\Windows\SYSTEM32\WINNSI.DLL
0x73ec0000 - 0x73ed0000 	C:\Windows\SYSTEM32\dhcpcsvc6.DLL
0x73ea0000 - 0x73eb2000 	C:\Windows\SYSTEM32\dhcpcsvc.DLL
0x700a0000 - 0x700af000 	D:\Program Files\java\jdk1.7.0_10\jre\bin\nio.dll
0x6a160000 - 0x6a16a000 	D:\Program Files\java\jdk1.7.0_10\jre\bin\management.dll
0x73e30000 - 0x73e4a000 	C:\Windows\SYSTEM32\CRYPTSP.dll
0x73df0000 - 0x73e2e000 	C:\Windows\system32\rsaenh.dll
0x745d0000 - 0x745eb000 	C:\Windows\SYSTEM32\USERENV.dll
0x745b0000 - 0x745c1000 	C:\Windows\SYSTEM32\profapi.dll
0x73f90000 - 0x740b9000 	C:\Windows\SYSTEM32\dbghelp.dll

VM Arguments:
jvm_args: -agentlib:jdwp=transport=dt_socket,suspend=y,address=localhost:52179 -Dmaven.home=EMBEDDED -Dclassworlds.conf=E:\eclipse\workspace\.metadata\.plugins\org.eclipse.m2e.core\launches\m2conf5331644928967368721.tmp -Xverify:none -javaagent:D:/jrebel/jrebel.jar -Dfile.encoding=UTF-8 
java_command: org.codehaus.plexus.classworlds.launcher.Launcher -B -s D:\apache-maven-3.0.4\conf\settings.xml tomcat6:run
Launcher Type: SUN_STANDARD

Environment Variables:
JAVA_HOME=D:\Program Files\java\jdk1.7.0_10
PATH=D:\Program Files\java\jdk1.7.0_10\jre\bin;D:/Program Files/java/jdk1.7.0_10/BIN/../jre/bin/client;D:/Program Files/java/jdk1.7.0_10/BIN/../jre/bin;D:/Program Files/java/jdk1.7.0_10/BIN/../jre/lib/i386;C:\Program Files (x86)\AMD APP\bin\x86_64;C:\Program Files (x86)\AMD APP\bin\x86;D:\apache-maven-3.0.4\bin;D:\Program Files\java\jdk1.7.0_10\BIN;C:\Windows\system32;C:\Windows;C:\Windows\System32\Wbem;C:\Windows\System32\WindowsPowerShell\v1.0\;D:\Program Files\ATI Technologies\ATI.ACE\Core-Static;D:\eclipse-jee-juno-SR1-win32\eclipse;
USERNAME=Œ‰ø°
OS=Windows_NT
PROCESSOR_IDENTIFIER=Intel64 Family 6 Model 37 Stepping 2, GenuineIntel



---------------  S Y S T E M  ---------------

OS: Windows 8 , 64 bit Build 9200 

CPU:total 4 (2 cores per cpu, 2 threads per core) family 6 model 37 stepping 2, cmov, cx8, fxsr, mmx, sse, sse2, sse3, ssse3, sse4.1, sse4.2, popcnt, ht, tsc, tscinvbit

Memory: 4k page, physical 6148656k(3887164k free), swap 7131696k(4558728k free)

vm_info: Java HotSpot(TM) Client VM (23.6-b04) for windows-x86 JRE (1.7.0_10-b18), built on Nov 28 2012 08:34:29 by "java_re" with unknown MS VC++:1600

time: Sat Aug 24 21:04:06 2013
elapsed time: 14 seconds

